Copyright 1986-2022 Xilinx, Inc. All Rights Reserved. Copyright 2022-2023 Advanced Micro Devices, Inc. All Rights Reserved.
------------------------------------------------------------------------------------------------------------------------------------------------------------------------------------------------------------------------------
| Tool Version : Vivado v.2023.2 (win64) Build 4029153 Fri Oct 13 20:14:34 MDT 2023
| Date         : Sat Jun 15 02:27:11 2024
| Host         : huynhquy running 64-bit major release  (build 9200)
| Command      : report_timing_summary -max_paths 10 -report_unconstrained -file DivFS_unmux_timing_summary_routed.rpt -pb DivFS_unmux_timing_summary_routed.pb -rpx DivFS_unmux_timing_summary_routed.rpx -warn_on_violation
| Design       : DivFS_unmux
| Device       : 7k70t-fbg484
| Speed File   : -3  PRODUCTION 1.12 2017-02-17
| Design State : Routed
------------------------------------------------------------------------------------------------------------------------------------------------------------------------------------------------------------------------------

Timing Summary Report

------------------------------------------------------------------------------------------------
| Timer Settings
| --------------
------------------------------------------------------------------------------------------------

  Enable Multi Corner Analysis               :  Yes
  Enable Pessimism Removal                   :  Yes
  Pessimism Removal Resolution               :  Nearest Common Node
  Enable Input Delay Default Clock           :  No
  Enable Preset / Clear Arcs                 :  No
  Disable Flight Delays                      :  No
  Ignore I/O Paths                           :  No
  Timing Early Launch at Borrowing Latches   :  No
  Borrow Time for Max Delay Exceptions       :  Yes
  Merge Timing Exceptions                    :  Yes
  Inter-SLR Compensation                     :  Conservative

  Corner  Analyze    Analyze    
  Name    Max Paths  Min Paths  
  ------  ---------  ---------  
  Slow    Yes        Yes        
  Fast    Yes        Yes        


------------------------------------------------------------------------------------------------
| Report Methodology
| ------------------
------------------------------------------------------------------------------------------------

No report available as report_methodology has not been run prior. Run report_methodology on the current design for the summary of methodology violations.



check_timing report

Table of Contents
-----------------
1. checking no_clock (0)
2. checking constant_clock (0)
3. checking pulse_width_clock (0)
4. checking unconstrained_internal_endpoints (0)
5. checking no_input_delay (0)
6. checking no_output_delay (0)
7. checking multiple_clock (0)
8. checking generated_clocks (0)
9. checking loops (0)
10. checking partial_input_delay (0)
11. checking partial_output_delay (0)
12. checking latch_loops (0)

1. checking no_clock (0)
------------------------
 There are 0 register/latch pins with no clock.


2. checking constant_clock (0)
------------------------------
 There are 0 register/latch pins with constant_clock.


3. checking pulse_width_clock (0)
---------------------------------
 There are 0 register/latch pins which need pulse_width check


4. checking unconstrained_internal_endpoints (0)
------------------------------------------------
 There are 0 pins that are not constrained for maximum delay.

 There are 0 pins that are not constrained for maximum delay due to constant clock.


5. checking no_input_delay (0)
------------------------------
 There are 0 input ports with no input delay specified.

 There are 0 input ports with no input delay but user has a false path constraint.


6. checking no_output_delay (0)
-------------------------------
 There are 0 ports with no output delay specified.

 There are 0 ports with no output delay but user has a false path constraint

 There are 0 ports with no output delay but with a timing clock defined on it or propagating through it


7. checking multiple_clock (0)
------------------------------
 There are 0 register/latch pins with multiple clocks.


8. checking generated_clocks (0)
--------------------------------
 There are 0 generated clocks that are not connected to a clock source.


9. checking loops (0)
---------------------
 There are 0 combinational loops in the design.


10. checking partial_input_delay (0)
------------------------------------
 There are 0 input ports with partial input delay specified.


11. checking partial_output_delay (0)
-------------------------------------
 There are 0 ports with partial output delay specified.


12. checking latch_loops (0)
----------------------------
 There are 0 combinational latch loops in the design through latch input



------------------------------------------------------------------------------------------------
| Design Timing Summary
| ---------------------
------------------------------------------------------------------------------------------------

    WNS(ns)      TNS(ns)  TNS Failing Endpoints  TNS Total Endpoints      WHS(ns)      THS(ns)  THS Failing Endpoints  THS Total Endpoints     WPWS(ns)     TPWS(ns)  TPWS Failing Endpoints  TPWS Total Endpoints  
    -------      -------  ---------------------  -------------------      -------      -------  ---------------------  -------------------     --------     --------  ----------------------  --------------------  
        inf        0.000                      0                   16          inf        0.000                      0                   16           NA           NA                      NA                    NA  


There are no user specified timing constraints.


------------------------------------------------------------------------------------------------
| Clock Summary
| -------------
------------------------------------------------------------------------------------------------


------------------------------------------------------------------------------------------------
| Intra Clock Table
| -----------------
------------------------------------------------------------------------------------------------

Clock             WNS(ns)      TNS(ns)  TNS Failing Endpoints  TNS Total Endpoints      WHS(ns)      THS(ns)  THS Failing Endpoints  THS Total Endpoints     WPWS(ns)     TPWS(ns)  TPWS Failing Endpoints  TPWS Total Endpoints  
-----             -------      -------  ---------------------  -------------------      -------      -------  ---------------------  -------------------     --------     --------  ----------------------  --------------------  


------------------------------------------------------------------------------------------------
| Inter Clock Table
| -----------------
------------------------------------------------------------------------------------------------

From Clock    To Clock          WNS(ns)      TNS(ns)  TNS Failing Endpoints  TNS Total Endpoints      WHS(ns)      THS(ns)  THS Failing Endpoints  THS Total Endpoints  
----------    --------          -------      -------  ---------------------  -------------------      -------      -------  ---------------------  -------------------  


------------------------------------------------------------------------------------------------
| Other Path Groups Table
| -----------------------
------------------------------------------------------------------------------------------------

Path Group    From Clock    To Clock          WNS(ns)      TNS(ns)  TNS Failing Endpoints  TNS Total Endpoints      WHS(ns)      THS(ns)  THS Failing Endpoints  THS Total Endpoints  
----------    ----------    --------          -------      -------  ---------------------  -------------------      -------      -------  ---------------------  -------------------  


------------------------------------------------------------------------------------------------
| User Ignored Path Table
| -----------------------
------------------------------------------------------------------------------------------------

Path Group    From Clock    To Clock    
----------    ----------    --------    


------------------------------------------------------------------------------------------------
| Unconstrained Path Table
| ------------------------
------------------------------------------------------------------------------------------------

Path Group    From Clock    To Clock    
----------    ----------    --------    
(none)                                    


------------------------------------------------------------------------------------------------
| Timing Details
| --------------
------------------------------------------------------------------------------------------------


--------------------------------------------------------------------------------------
Path Group:  (none)
From Clock:  
  To Clock:  

Max Delay            16 Endpoints
Min Delay            16 Endpoints
--------------------------------------------------------------------------------------


Max Delay Paths
--------------------------------------------------------------------------------------
Slack:                    inf
  Source:                 SC[6]
                            (input port)
  Destination:            Q[0]
                            (output port)
  Path Group:             (none)
  Path Type:              Max at Slow Process Corner
  Data Path Delay:        13.697ns  (logic 4.088ns (29.848%)  route 9.608ns (70.152%))
  Logic Levels:           20  (IBUF=1 LUT3=2 LUT4=2 LUT5=4 LUT6=10 OBUF=1)

    Location             Delay type                Incr(ns)  Path(ns)    Netlist Resource(s)
  -------------------------------------------------------------------    -------------------
    AA19                                              0.000     0.000 f  SC[6] (IN)
                         net (fo=0)                   0.000     0.000    SC[6]
    AA19                 IBUF (Prop_ibuf_I_O)         0.748     0.748 f  SC_IBUF[6]_inst/O
                         net (fo=13, routed)          1.106     1.854    SC_IBUF[6]
    SLICE_X1Y18          LUT4 (Prop_lut4_I1_O)        0.043     1.897 f  Q_OBUF[7]_inst_i_2/O
                         net (fo=11, routed)          0.547     2.444    Q_OBUF[7]_inst_i_2_n_0
    SLICE_X0Y19          LUT6 (Prop_lut6_I1_O)        0.043     2.487 r  Q_OBUF[5]_inst_i_4/O
                         net (fo=6, routed)           0.520     3.007    Q_OBUF[5]_inst_i_4_n_0
    SLICE_X1Y18          LUT6 (Prop_lut6_I0_O)        0.043     3.050 r  Q_OBUF[4]_inst_i_10/O
                         net (fo=1, routed)           0.219     3.269    Q_OBUF[4]_inst_i_10_n_0
    SLICE_X1Y18          LUT6 (Prop_lut6_I4_O)        0.043     3.312 f  Q_OBUF[4]_inst_i_5/O
                         net (fo=1, routed)           0.409     3.721    Q_OBUF[4]_inst_i_5_n_0
    SLICE_X0Y18          LUT6 (Prop_lut6_I3_O)        0.043     3.764 r  Q_OBUF[4]_inst_i_2/O
                         net (fo=5, routed)           0.436     4.199    Q_OBUF[4]
    SLICE_X2Y18          LUT6 (Prop_lut6_I5_O)        0.043     4.242 r  Q_OBUF[3]_inst_i_6/O
                         net (fo=3, routed)           0.411     4.653    Q_OBUF[3]_inst_i_6_n_0
    SLICE_X0Y17          LUT5 (Prop_lut5_I0_O)        0.043     4.696 r  R_OBUF[3]_inst_i_9/O
                         net (fo=2, routed)           0.434     5.130    R_OBUF[3]_inst_i_9_n_0
    SLICE_X2Y17          LUT6 (Prop_lut6_I3_O)        0.043     5.173 r  R_OBUF[3]_inst_i_8/O
                         net (fo=2, routed)           0.337     5.510    R_OBUF[3]_inst_i_8_n_0
    SLICE_X3Y17          LUT6 (Prop_lut6_I1_O)        0.043     5.553 f  Q_OBUF[2]_inst_i_7/O
                         net (fo=4, routed)           0.233     5.786    Q_OBUF[2]_inst_i_7_n_0
    SLICE_X3Y17          LUT3 (Prop_lut3_I0_O)        0.043     5.829 f  Q_OBUF[2]_inst_i_4/O
                         net (fo=2, routed)           0.414     6.243    Q_OBUF[2]_inst_i_4_n_0
    SLICE_X3Y16          LUT6 (Prop_lut6_I1_O)        0.043     6.286 r  Q_OBUF[2]_inst_i_2/O
                         net (fo=5, routed)           0.451     6.737    Q_OBUF[2]
    SLICE_X2Y16          LUT4 (Prop_lut4_I3_O)        0.043     6.780 f  Q_OBUF[1]_inst_i_4/O
                         net (fo=3, routed)           0.510     7.290    Q_OBUF[1]_inst_i_4_n_0
    SLICE_X4Y17          LUT5 (Prop_lut5_I3_O)        0.051     7.341 r  R_OBUF[2]_inst_i_5/O
                         net (fo=2, routed)           0.423     7.764    R_OBUF[2]_inst_i_5_n_0
    SLICE_X4Y16          LUT6 (Prop_lut6_I3_O)        0.129     7.893 r  R_OBUF[1]_inst_i_3/O
                         net (fo=2, routed)           0.529     8.423    R_OBUF[1]_inst_i_3_n_0
    SLICE_X1Y16          LUT6 (Prop_lut6_I0_O)        0.043     8.466 f  R_OBUF[3]_inst_i_2/O
                         net (fo=3, routed)           0.414     8.879    R_OBUF[3]_inst_i_2_n_0
    SLICE_X1Y15          LUT5 (Prop_lut5_I2_O)        0.051     8.930 f  R_OBUF[5]_inst_i_2/O
                         net (fo=3, routed)           0.448     9.379    R_OBUF[5]_inst_i_2_n_0
    SLICE_X0Y15          LUT3 (Prop_lut3_I0_O)        0.134     9.513 f  Q_OBUF[0]_inst_i_2/O
                         net (fo=3, routed)           0.445     9.958    Q_OBUF[0]_inst_i_2_n_0
    SLICE_X0Y15          LUT5 (Prop_lut5_I1_O)        0.139    10.097 r  Q_OBUF[0]_inst_i_1/O
                         net (fo=1, routed)           1.323    11.420    Q_OBUF[0]
    V14                  OBUF (Prop_obuf_I_O)         2.277    13.697 r  Q_OBUF[0]_inst/O
                         net (fo=0)                   0.000    13.697    Q[0]
    V14                                                               r  Q[0] (OUT)
  -------------------------------------------------------------------    -------------------

Slack:                    inf
  Source:                 SC[6]
                            (input port)
  Destination:            R[0]
                            (output port)
  Path Group:             (none)
  Path Type:              Max at Slow Process Corner
  Data Path Delay:        13.540ns  (logic 4.013ns (29.637%)  route 9.527ns (70.363%))
  Logic Levels:           20  (IBUF=1 LUT3=1 LUT4=2 LUT5=5 LUT6=10 OBUF=1)

    Location             Delay type                Incr(ns)  Path(ns)    Netlist Resource(s)
  -------------------------------------------------------------------    -------------------
    AA19                                              0.000     0.000 f  SC[6] (IN)
                         net (fo=0)                   0.000     0.000    SC[6]
    AA19                 IBUF (Prop_ibuf_I_O)         0.748     0.748 f  SC_IBUF[6]_inst/O
                         net (fo=13, routed)          1.106     1.854    SC_IBUF[6]
    SLICE_X1Y18          LUT4 (Prop_lut4_I1_O)        0.043     1.897 f  Q_OBUF[7]_inst_i_2/O
                         net (fo=11, routed)          0.547     2.444    Q_OBUF[7]_inst_i_2_n_0
    SLICE_X0Y19          LUT6 (Prop_lut6_I1_O)        0.043     2.487 r  Q_OBUF[5]_inst_i_4/O
                         net (fo=6, routed)           0.520     3.007    Q_OBUF[5]_inst_i_4_n_0
    SLICE_X1Y18          LUT6 (Prop_lut6_I0_O)        0.043     3.050 r  Q_OBUF[4]_inst_i_10/O
                         net (fo=1, routed)           0.219     3.269    Q_OBUF[4]_inst_i_10_n_0
    SLICE_X1Y18          LUT6 (Prop_lut6_I4_O)        0.043     3.312 f  Q_OBUF[4]_inst_i_5/O
                         net (fo=1, routed)           0.409     3.721    Q_OBUF[4]_inst_i_5_n_0
    SLICE_X0Y18          LUT6 (Prop_lut6_I3_O)        0.043     3.764 r  Q_OBUF[4]_inst_i_2/O
                         net (fo=5, routed)           0.436     4.199    Q_OBUF[4]
    SLICE_X2Y18          LUT6 (Prop_lut6_I5_O)        0.043     4.242 r  Q_OBUF[3]_inst_i_6/O
                         net (fo=3, routed)           0.411     4.653    Q_OBUF[3]_inst_i_6_n_0
    SLICE_X0Y17          LUT5 (Prop_lut5_I0_O)        0.043     4.696 r  R_OBUF[3]_inst_i_9/O
                         net (fo=2, routed)           0.434     5.130    R_OBUF[3]_inst_i_9_n_0
    SLICE_X2Y17          LUT6 (Prop_lut6_I3_O)        0.043     5.173 r  R_OBUF[3]_inst_i_8/O
                         net (fo=2, routed)           0.337     5.510    R_OBUF[3]_inst_i_8_n_0
    SLICE_X3Y17          LUT6 (Prop_lut6_I1_O)        0.043     5.553 f  Q_OBUF[2]_inst_i_7/O
                         net (fo=4, routed)           0.233     5.786    Q_OBUF[2]_inst_i_7_n_0
    SLICE_X3Y17          LUT3 (Prop_lut3_I0_O)        0.043     5.829 f  Q_OBUF[2]_inst_i_4/O
                         net (fo=2, routed)           0.414     6.243    Q_OBUF[2]_inst_i_4_n_0
    SLICE_X3Y16          LUT6 (Prop_lut6_I1_O)        0.043     6.286 r  Q_OBUF[2]_inst_i_2/O
                         net (fo=5, routed)           0.451     6.737    Q_OBUF[2]
    SLICE_X2Y16          LUT4 (Prop_lut4_I3_O)        0.043     6.780 f  Q_OBUF[1]_inst_i_4/O
                         net (fo=3, routed)           0.510     7.290    Q_OBUF[1]_inst_i_4_n_0
    SLICE_X4Y17          LUT5 (Prop_lut5_I3_O)        0.051     7.341 r  R_OBUF[2]_inst_i_5/O
                         net (fo=2, routed)           0.423     7.764    R_OBUF[2]_inst_i_5_n_0
    SLICE_X4Y16          LUT6 (Prop_lut6_I3_O)        0.129     7.893 f  R_OBUF[1]_inst_i_3/O
                         net (fo=2, routed)           0.529     8.423    R_OBUF[1]_inst_i_3_n_0
    SLICE_X1Y16          LUT6 (Prop_lut6_I0_O)        0.043     8.466 r  R_OBUF[3]_inst_i_2/O
                         net (fo=3, routed)           0.414     8.879    R_OBUF[3]_inst_i_2_n_0
    SLICE_X1Y15          LUT5 (Prop_lut5_I2_O)        0.051     8.930 r  R_OBUF[5]_inst_i_2/O
                         net (fo=3, routed)           0.448     9.379    R_OBUF[5]_inst_i_2_n_0
    SLICE_X0Y15          LUT5 (Prop_lut5_I2_O)        0.129     9.508 r  R_OBUF[5]_inst_i_3/O
                         net (fo=6, routed)           0.516    10.023    R_OBUF[5]_inst_i_3_n_0
    SLICE_X0Y16          LUT5 (Prop_lut5_I2_O)        0.048    10.071 r  R_OBUF[0]_inst_i_1/O
                         net (fo=1, routed)           1.171    11.243    R_OBUF[0]
    W16                  OBUF (Prop_obuf_I_O)         2.298    13.540 r  R_OBUF[0]_inst/O
                         net (fo=0)                   0.000    13.540    R[0]
    W16                                                               r  R[0] (OUT)
  -------------------------------------------------------------------    -------------------

Slack:                    inf
  Source:                 SC[6]
                            (input port)
  Destination:            R[6]
                            (output port)
  Path Group:             (none)
  Path Type:              Max at Slow Process Corner
  Data Path Delay:        13.344ns  (logic 4.051ns (30.357%)  route 9.293ns (69.643%))
  Logic Levels:           20  (IBUF=1 LUT3=2 LUT4=2 LUT5=4 LUT6=10 OBUF=1)

    Location             Delay type                Incr(ns)  Path(ns)    Netlist Resource(s)
  -------------------------------------------------------------------    -------------------
    AA19                                              0.000     0.000 f  SC[6] (IN)
                         net (fo=0)                   0.000     0.000    SC[6]
    AA19                 IBUF (Prop_ibuf_I_O)         0.748     0.748 f  SC_IBUF[6]_inst/O
                         net (fo=13, routed)          1.106     1.854    SC_IBUF[6]
    SLICE_X1Y18          LUT4 (Prop_lut4_I1_O)        0.043     1.897 f  Q_OBUF[7]_inst_i_2/O
                         net (fo=11, routed)          0.547     2.444    Q_OBUF[7]_inst_i_2_n_0
    SLICE_X0Y19          LUT6 (Prop_lut6_I1_O)        0.043     2.487 r  Q_OBUF[5]_inst_i_4/O
                         net (fo=6, routed)           0.520     3.007    Q_OBUF[5]_inst_i_4_n_0
    SLICE_X1Y18          LUT6 (Prop_lut6_I0_O)        0.043     3.050 r  Q_OBUF[4]_inst_i_10/O
                         net (fo=1, routed)           0.219     3.269    Q_OBUF[4]_inst_i_10_n_0
    SLICE_X1Y18          LUT6 (Prop_lut6_I4_O)        0.043     3.312 f  Q_OBUF[4]_inst_i_5/O
                         net (fo=1, routed)           0.409     3.721    Q_OBUF[4]_inst_i_5_n_0
    SLICE_X0Y18          LUT6 (Prop_lut6_I3_O)        0.043     3.764 r  Q_OBUF[4]_inst_i_2/O
                         net (fo=5, routed)           0.436     4.199    Q_OBUF[4]
    SLICE_X2Y18          LUT6 (Prop_lut6_I5_O)        0.043     4.242 r  Q_OBUF[3]_inst_i_6/O
                         net (fo=3, routed)           0.411     4.653    Q_OBUF[3]_inst_i_6_n_0
    SLICE_X0Y17          LUT5 (Prop_lut5_I0_O)        0.043     4.696 r  R_OBUF[3]_inst_i_9/O
                         net (fo=2, routed)           0.434     5.130    R_OBUF[3]_inst_i_9_n_0
    SLICE_X2Y17          LUT6 (Prop_lut6_I3_O)        0.043     5.173 r  R_OBUF[3]_inst_i_8/O
                         net (fo=2, routed)           0.337     5.510    R_OBUF[3]_inst_i_8_n_0
    SLICE_X3Y17          LUT6 (Prop_lut6_I1_O)        0.043     5.553 f  Q_OBUF[2]_inst_i_7/O
                         net (fo=4, routed)           0.233     5.786    Q_OBUF[2]_inst_i_7_n_0
    SLICE_X3Y17          LUT3 (Prop_lut3_I0_O)        0.043     5.829 f  Q_OBUF[2]_inst_i_4/O
                         net (fo=2, routed)           0.414     6.243    Q_OBUF[2]_inst_i_4_n_0
    SLICE_X3Y16          LUT6 (Prop_lut6_I1_O)        0.043     6.286 r  Q_OBUF[2]_inst_i_2/O
                         net (fo=5, routed)           0.451     6.737    Q_OBUF[2]
    SLICE_X2Y16          LUT4 (Prop_lut4_I3_O)        0.043     6.780 f  Q_OBUF[1]_inst_i_4/O
                         net (fo=3, routed)           0.510     7.290    Q_OBUF[1]_inst_i_4_n_0
    SLICE_X4Y17          LUT5 (Prop_lut5_I3_O)        0.051     7.341 r  R_OBUF[2]_inst_i_5/O
                         net (fo=2, routed)           0.423     7.764    R_OBUF[2]_inst_i_5_n_0
    SLICE_X4Y16          LUT6 (Prop_lut6_I3_O)        0.129     7.893 f  R_OBUF[1]_inst_i_3/O
                         net (fo=2, routed)           0.529     8.423    R_OBUF[1]_inst_i_3_n_0
    SLICE_X1Y16          LUT6 (Prop_lut6_I0_O)        0.043     8.466 r  R_OBUF[3]_inst_i_2/O
                         net (fo=3, routed)           0.414     8.879    R_OBUF[3]_inst_i_2_n_0
    SLICE_X1Y15          LUT5 (Prop_lut5_I2_O)        0.051     8.930 r  R_OBUF[5]_inst_i_2/O
                         net (fo=3, routed)           0.448     9.379    R_OBUF[5]_inst_i_2_n_0
    SLICE_X0Y15          LUT3 (Prop_lut3_I0_O)        0.134     9.513 r  Q_OBUF[0]_inst_i_2/O
                         net (fo=3, routed)           0.445     9.958    Q_OBUF[0]_inst_i_2_n_0
    SLICE_X0Y15          LUT5 (Prop_lut5_I1_O)        0.129    10.087 r  R_OBUF[6]_inst_i_1/O
                         net (fo=1, routed)           1.007    11.094    R_OBUF[6]
    AA14                 OBUF (Prop_obuf_I_O)         2.249    13.344 r  R_OBUF[6]_inst/O
                         net (fo=0)                   0.000    13.344    R[6]
    AA14                                                              r  R[6] (OUT)
  -------------------------------------------------------------------    -------------------

Slack:                    inf
  Source:                 SC[6]
                            (input port)
  Destination:            R[5]
                            (output port)
  Path Group:             (none)
  Path Type:              Max at Slow Process Corner
  Data Path Delay:        13.283ns  (logic 3.947ns (29.718%)  route 9.336ns (70.282%))
  Logic Levels:           20  (IBUF=1 LUT3=1 LUT4=2 LUT5=4 LUT6=11 OBUF=1)

    Location             Delay type                Incr(ns)  Path(ns)    Netlist Resource(s)
  -------------------------------------------------------------------    -------------------
    AA19                                              0.000     0.000 f  SC[6] (IN)
                         net (fo=0)                   0.000     0.000    SC[6]
    AA19                 IBUF (Prop_ibuf_I_O)         0.748     0.748 f  SC_IBUF[6]_inst/O
                         net (fo=13, routed)          1.106     1.854    SC_IBUF[6]
    SLICE_X1Y18          LUT4 (Prop_lut4_I1_O)        0.043     1.897 f  Q_OBUF[7]_inst_i_2/O
                         net (fo=11, routed)          0.547     2.444    Q_OBUF[7]_inst_i_2_n_0
    SLICE_X0Y19          LUT6 (Prop_lut6_I1_O)        0.043     2.487 r  Q_OBUF[5]_inst_i_4/O
                         net (fo=6, routed)           0.520     3.007    Q_OBUF[5]_inst_i_4_n_0
    SLICE_X1Y18          LUT6 (Prop_lut6_I0_O)        0.043     3.050 r  Q_OBUF[4]_inst_i_10/O
                         net (fo=1, routed)           0.219     3.269    Q_OBUF[4]_inst_i_10_n_0
    SLICE_X1Y18          LUT6 (Prop_lut6_I4_O)        0.043     3.312 f  Q_OBUF[4]_inst_i_5/O
                         net (fo=1, routed)           0.409     3.721    Q_OBUF[4]_inst_i_5_n_0
    SLICE_X0Y18          LUT6 (Prop_lut6_I3_O)        0.043     3.764 r  Q_OBUF[4]_inst_i_2/O
                         net (fo=5, routed)           0.436     4.199    Q_OBUF[4]
    SLICE_X2Y18          LUT6 (Prop_lut6_I5_O)        0.043     4.242 r  Q_OBUF[3]_inst_i_6/O
                         net (fo=3, routed)           0.411     4.653    Q_OBUF[3]_inst_i_6_n_0
    SLICE_X0Y17          LUT5 (Prop_lut5_I0_O)        0.043     4.696 r  R_OBUF[3]_inst_i_9/O
                         net (fo=2, routed)           0.434     5.130    R_OBUF[3]_inst_i_9_n_0
    SLICE_X2Y17          LUT6 (Prop_lut6_I3_O)        0.043     5.173 r  R_OBUF[3]_inst_i_8/O
                         net (fo=2, routed)           0.337     5.510    R_OBUF[3]_inst_i_8_n_0
    SLICE_X3Y17          LUT6 (Prop_lut6_I1_O)        0.043     5.553 f  Q_OBUF[2]_inst_i_7/O
                         net (fo=4, routed)           0.233     5.786    Q_OBUF[2]_inst_i_7_n_0
    SLICE_X3Y17          LUT3 (Prop_lut3_I0_O)        0.043     5.829 f  Q_OBUF[2]_inst_i_4/O
                         net (fo=2, routed)           0.414     6.243    Q_OBUF[2]_inst_i_4_n_0
    SLICE_X3Y16          LUT6 (Prop_lut6_I1_O)        0.043     6.286 r  Q_OBUF[2]_inst_i_2/O
                         net (fo=5, routed)           0.451     6.737    Q_OBUF[2]
    SLICE_X2Y16          LUT4 (Prop_lut4_I3_O)        0.043     6.780 f  Q_OBUF[1]_inst_i_4/O
                         net (fo=3, routed)           0.510     7.290    Q_OBUF[1]_inst_i_4_n_0
    SLICE_X4Y17          LUT5 (Prop_lut5_I3_O)        0.051     7.341 r  R_OBUF[2]_inst_i_5/O
                         net (fo=2, routed)           0.423     7.764    R_OBUF[2]_inst_i_5_n_0
    SLICE_X4Y16          LUT6 (Prop_lut6_I3_O)        0.129     7.893 f  R_OBUF[1]_inst_i_3/O
                         net (fo=2, routed)           0.529     8.423    R_OBUF[1]_inst_i_3_n_0
    SLICE_X1Y16          LUT6 (Prop_lut6_I0_O)        0.043     8.466 r  R_OBUF[3]_inst_i_2/O
                         net (fo=3, routed)           0.414     8.879    R_OBUF[3]_inst_i_2_n_0
    SLICE_X1Y15          LUT5 (Prop_lut5_I2_O)        0.051     8.930 r  R_OBUF[5]_inst_i_2/O
                         net (fo=3, routed)           0.448     9.379    R_OBUF[5]_inst_i_2_n_0
    SLICE_X0Y15          LUT5 (Prop_lut5_I2_O)        0.129     9.508 r  R_OBUF[5]_inst_i_3/O
                         net (fo=6, routed)           0.420     9.927    R_OBUF[5]_inst_i_3_n_0
    SLICE_X0Y15          LUT6 (Prop_lut6_I3_O)        0.043     9.970 r  R_OBUF[5]_inst_i_1/O
                         net (fo=1, routed)           1.076    11.046    R_OBUF[5]
    AA15                 OBUF (Prop_obuf_I_O)         2.237    13.283 r  R_OBUF[5]_inst/O
                         net (fo=0)                   0.000    13.283    R[5]
    AA15                                                              r  R[5] (OUT)
  -------------------------------------------------------------------    -------------------

Slack:                    inf
  Source:                 SC[6]
                            (input port)
  Destination:            R[1]
                            (output port)
  Path Group:             (none)
  Path Type:              Max at Slow Process Corner
  Data Path Delay:        13.195ns  (logic 3.908ns (29.622%)  route 9.286ns (70.378%))
  Logic Levels:           20  (IBUF=1 LUT3=1 LUT4=2 LUT5=4 LUT6=11 OBUF=1)

    Location             Delay type                Incr(ns)  Path(ns)    Netlist Resource(s)
  -------------------------------------------------------------------    -------------------
    AA19                                              0.000     0.000 f  SC[6] (IN)
                         net (fo=0)                   0.000     0.000    SC[6]
    AA19                 IBUF (Prop_ibuf_I_O)         0.748     0.748 f  SC_IBUF[6]_inst/O
                         net (fo=13, routed)          1.106     1.854    SC_IBUF[6]
    SLICE_X1Y18          LUT4 (Prop_lut4_I1_O)        0.043     1.897 f  Q_OBUF[7]_inst_i_2/O
                         net (fo=11, routed)          0.547     2.444    Q_OBUF[7]_inst_i_2_n_0
    SLICE_X0Y19          LUT6 (Prop_lut6_I1_O)        0.043     2.487 r  Q_OBUF[5]_inst_i_4/O
                         net (fo=6, routed)           0.520     3.007    Q_OBUF[5]_inst_i_4_n_0
    SLICE_X1Y18          LUT6 (Prop_lut6_I0_O)        0.043     3.050 r  Q_OBUF[4]_inst_i_10/O
                         net (fo=1, routed)           0.219     3.269    Q_OBUF[4]_inst_i_10_n_0
    SLICE_X1Y18          LUT6 (Prop_lut6_I4_O)        0.043     3.312 f  Q_OBUF[4]_inst_i_5/O
                         net (fo=1, routed)           0.409     3.721    Q_OBUF[4]_inst_i_5_n_0
    SLICE_X0Y18          LUT6 (Prop_lut6_I3_O)        0.043     3.764 r  Q_OBUF[4]_inst_i_2/O
                         net (fo=5, routed)           0.436     4.199    Q_OBUF[4]
    SLICE_X2Y18          LUT6 (Prop_lut6_I5_O)        0.043     4.242 r  Q_OBUF[3]_inst_i_6/O
                         net (fo=3, routed)           0.411     4.653    Q_OBUF[3]_inst_i_6_n_0
    SLICE_X0Y17          LUT5 (Prop_lut5_I0_O)        0.043     4.696 r  R_OBUF[3]_inst_i_9/O
                         net (fo=2, routed)           0.434     5.130    R_OBUF[3]_inst_i_9_n_0
    SLICE_X2Y17          LUT6 (Prop_lut6_I3_O)        0.043     5.173 r  R_OBUF[3]_inst_i_8/O
                         net (fo=2, routed)           0.337     5.510    R_OBUF[3]_inst_i_8_n_0
    SLICE_X3Y17          LUT6 (Prop_lut6_I1_O)        0.043     5.553 f  Q_OBUF[2]_inst_i_7/O
                         net (fo=4, routed)           0.233     5.786    Q_OBUF[2]_inst_i_7_n_0
    SLICE_X3Y17          LUT3 (Prop_lut3_I0_O)        0.043     5.829 f  Q_OBUF[2]_inst_i_4/O
                         net (fo=2, routed)           0.414     6.243    Q_OBUF[2]_inst_i_4_n_0
    SLICE_X3Y16          LUT6 (Prop_lut6_I1_O)        0.043     6.286 r  Q_OBUF[2]_inst_i_2/O
                         net (fo=5, routed)           0.451     6.737    Q_OBUF[2]
    SLICE_X2Y16          LUT4 (Prop_lut4_I3_O)        0.043     6.780 f  Q_OBUF[1]_inst_i_4/O
                         net (fo=3, routed)           0.510     7.290    Q_OBUF[1]_inst_i_4_n_0
    SLICE_X4Y17          LUT5 (Prop_lut5_I3_O)        0.051     7.341 r  R_OBUF[2]_inst_i_5/O
                         net (fo=2, routed)           0.423     7.764    R_OBUF[2]_inst_i_5_n_0
    SLICE_X4Y16          LUT6 (Prop_lut6_I3_O)        0.129     7.893 f  R_OBUF[1]_inst_i_3/O
                         net (fo=2, routed)           0.529     8.423    R_OBUF[1]_inst_i_3_n_0
    SLICE_X1Y16          LUT6 (Prop_lut6_I0_O)        0.043     8.466 r  R_OBUF[3]_inst_i_2/O
                         net (fo=3, routed)           0.414     8.879    R_OBUF[3]_inst_i_2_n_0
    SLICE_X1Y15          LUT5 (Prop_lut5_I2_O)        0.051     8.930 r  R_OBUF[5]_inst_i_2/O
                         net (fo=3, routed)           0.448     9.379    R_OBUF[5]_inst_i_2_n_0
    SLICE_X0Y15          LUT5 (Prop_lut5_I2_O)        0.129     9.508 r  R_OBUF[5]_inst_i_3/O
                         net (fo=6, routed)           0.320     9.827    R_OBUF[5]_inst_i_3_n_0
    SLICE_X0Y16          LUT6 (Prop_lut6_I3_O)        0.043     9.870 r  R_OBUF[1]_inst_i_1/O
                         net (fo=1, routed)           1.126    10.996    R_OBUF[1]
    T16                  OBUF (Prop_obuf_I_O)         2.198    13.195 r  R_OBUF[1]_inst/O
                         net (fo=0)                   0.000    13.195    R[1]
    T16                                                               r  R[1] (OUT)
  -------------------------------------------------------------------    -------------------

Slack:                    inf
  Source:                 SC[6]
                            (input port)
  Destination:            R[2]
                            (output port)
  Path Group:             (none)
  Path Type:              Max at Slow Process Corner
  Data Path Delay:        13.194ns  (logic 3.912ns (29.651%)  route 9.282ns (70.349%))
  Logic Levels:           20  (IBUF=1 LUT3=1 LUT4=2 LUT5=4 LUT6=11 OBUF=1)

    Location             Delay type                Incr(ns)  Path(ns)    Netlist Resource(s)
  -------------------------------------------------------------------    -------------------
    AA19                                              0.000     0.000 f  SC[6] (IN)
                         net (fo=0)                   0.000     0.000    SC[6]
    AA19                 IBUF (Prop_ibuf_I_O)         0.748     0.748 f  SC_IBUF[6]_inst/O
                         net (fo=13, routed)          1.106     1.854    SC_IBUF[6]
    SLICE_X1Y18          LUT4 (Prop_lut4_I1_O)        0.043     1.897 f  Q_OBUF[7]_inst_i_2/O
                         net (fo=11, routed)          0.547     2.444    Q_OBUF[7]_inst_i_2_n_0
    SLICE_X0Y19          LUT6 (Prop_lut6_I1_O)        0.043     2.487 r  Q_OBUF[5]_inst_i_4/O
                         net (fo=6, routed)           0.520     3.007    Q_OBUF[5]_inst_i_4_n_0
    SLICE_X1Y18          LUT6 (Prop_lut6_I0_O)        0.043     3.050 r  Q_OBUF[4]_inst_i_10/O
                         net (fo=1, routed)           0.219     3.269    Q_OBUF[4]_inst_i_10_n_0
    SLICE_X1Y18          LUT6 (Prop_lut6_I4_O)        0.043     3.312 f  Q_OBUF[4]_inst_i_5/O
                         net (fo=1, routed)           0.409     3.721    Q_OBUF[4]_inst_i_5_n_0
    SLICE_X0Y18          LUT6 (Prop_lut6_I3_O)        0.043     3.764 r  Q_OBUF[4]_inst_i_2/O
                         net (fo=5, routed)           0.436     4.199    Q_OBUF[4]
    SLICE_X2Y18          LUT6 (Prop_lut6_I5_O)        0.043     4.242 r  Q_OBUF[3]_inst_i_6/O
                         net (fo=3, routed)           0.411     4.653    Q_OBUF[3]_inst_i_6_n_0
    SLICE_X0Y17          LUT5 (Prop_lut5_I0_O)        0.043     4.696 r  R_OBUF[3]_inst_i_9/O
                         net (fo=2, routed)           0.434     5.130    R_OBUF[3]_inst_i_9_n_0
    SLICE_X2Y17          LUT6 (Prop_lut6_I3_O)        0.043     5.173 r  R_OBUF[3]_inst_i_8/O
                         net (fo=2, routed)           0.337     5.510    R_OBUF[3]_inst_i_8_n_0
    SLICE_X3Y17          LUT6 (Prop_lut6_I1_O)        0.043     5.553 f  Q_OBUF[2]_inst_i_7/O
                         net (fo=4, routed)           0.233     5.786    Q_OBUF[2]_inst_i_7_n_0
    SLICE_X3Y17          LUT3 (Prop_lut3_I0_O)        0.043     5.829 f  Q_OBUF[2]_inst_i_4/O
                         net (fo=2, routed)           0.414     6.243    Q_OBUF[2]_inst_i_4_n_0
    SLICE_X3Y16          LUT6 (Prop_lut6_I1_O)        0.043     6.286 r  Q_OBUF[2]_inst_i_2/O
                         net (fo=5, routed)           0.451     6.737    Q_OBUF[2]
    SLICE_X2Y16          LUT4 (Prop_lut4_I3_O)        0.043     6.780 f  Q_OBUF[1]_inst_i_4/O
                         net (fo=3, routed)           0.510     7.290    Q_OBUF[1]_inst_i_4_n_0
    SLICE_X4Y17          LUT5 (Prop_lut5_I3_O)        0.051     7.341 r  R_OBUF[2]_inst_i_5/O
                         net (fo=2, routed)           0.423     7.764    R_OBUF[2]_inst_i_5_n_0
    SLICE_X4Y16          LUT6 (Prop_lut6_I3_O)        0.129     7.893 f  R_OBUF[1]_inst_i_3/O
                         net (fo=2, routed)           0.529     8.423    R_OBUF[1]_inst_i_3_n_0
    SLICE_X1Y16          LUT6 (Prop_lut6_I0_O)        0.043     8.466 r  R_OBUF[3]_inst_i_2/O
                         net (fo=3, routed)           0.414     8.879    R_OBUF[3]_inst_i_2_n_0
    SLICE_X1Y15          LUT5 (Prop_lut5_I2_O)        0.051     8.930 r  R_OBUF[5]_inst_i_2/O
                         net (fo=3, routed)           0.448     9.379    R_OBUF[5]_inst_i_2_n_0
    SLICE_X0Y15          LUT5 (Prop_lut5_I2_O)        0.129     9.508 r  R_OBUF[5]_inst_i_3/O
                         net (fo=6, routed)           0.316     9.824    R_OBUF[5]_inst_i_3_n_0
    SLICE_X0Y16          LUT6 (Prop_lut6_I3_O)        0.043     9.867 r  R_OBUF[2]_inst_i_1/O
                         net (fo=1, routed)           1.125    10.992    R_OBUF[2]
    R16                  OBUF (Prop_obuf_I_O)         2.202    13.194 r  R_OBUF[2]_inst/O
                         net (fo=0)                   0.000    13.194    R[2]
    R16                                                               r  R[2] (OUT)
  -------------------------------------------------------------------    -------------------

Slack:                    inf
  Source:                 SC[6]
                            (input port)
  Destination:            R[7]
                            (output port)
  Path Group:             (none)
  Path Type:              Max at Slow Process Corner
  Data Path Delay:        13.102ns  (logic 4.043ns (30.856%)  route 9.060ns (69.144%))
  Logic Levels:           20  (IBUF=1 LUT3=2 LUT4=2 LUT5=3 LUT6=11 OBUF=1)

    Location             Delay type                Incr(ns)  Path(ns)    Netlist Resource(s)
  -------------------------------------------------------------------    -------------------
    AA19                                              0.000     0.000 f  SC[6] (IN)
                         net (fo=0)                   0.000     0.000    SC[6]
    AA19                 IBUF (Prop_ibuf_I_O)         0.748     0.748 f  SC_IBUF[6]_inst/O
                         net (fo=13, routed)          1.106     1.854    SC_IBUF[6]
    SLICE_X1Y18          LUT4 (Prop_lut4_I1_O)        0.043     1.897 f  Q_OBUF[7]_inst_i_2/O
                         net (fo=11, routed)          0.547     2.444    Q_OBUF[7]_inst_i_2_n_0
    SLICE_X0Y19          LUT6 (Prop_lut6_I1_O)        0.043     2.487 r  Q_OBUF[5]_inst_i_4/O
                         net (fo=6, routed)           0.520     3.007    Q_OBUF[5]_inst_i_4_n_0
    SLICE_X1Y18          LUT6 (Prop_lut6_I0_O)        0.043     3.050 r  Q_OBUF[4]_inst_i_10/O
                         net (fo=1, routed)           0.219     3.269    Q_OBUF[4]_inst_i_10_n_0
    SLICE_X1Y18          LUT6 (Prop_lut6_I4_O)        0.043     3.312 f  Q_OBUF[4]_inst_i_5/O
                         net (fo=1, routed)           0.409     3.721    Q_OBUF[4]_inst_i_5_n_0
    SLICE_X0Y18          LUT6 (Prop_lut6_I3_O)        0.043     3.764 r  Q_OBUF[4]_inst_i_2/O
                         net (fo=5, routed)           0.436     4.199    Q_OBUF[4]
    SLICE_X2Y18          LUT6 (Prop_lut6_I5_O)        0.043     4.242 r  Q_OBUF[3]_inst_i_6/O
                         net (fo=3, routed)           0.411     4.653    Q_OBUF[3]_inst_i_6_n_0
    SLICE_X0Y17          LUT5 (Prop_lut5_I0_O)        0.043     4.696 r  R_OBUF[3]_inst_i_9/O
                         net (fo=2, routed)           0.434     5.130    R_OBUF[3]_inst_i_9_n_0
    SLICE_X2Y17          LUT6 (Prop_lut6_I3_O)        0.043     5.173 r  R_OBUF[3]_inst_i_8/O
                         net (fo=2, routed)           0.337     5.510    R_OBUF[3]_inst_i_8_n_0
    SLICE_X3Y17          LUT6 (Prop_lut6_I1_O)        0.043     5.553 f  Q_OBUF[2]_inst_i_7/O
                         net (fo=4, routed)           0.233     5.786    Q_OBUF[2]_inst_i_7_n_0
    SLICE_X3Y17          LUT3 (Prop_lut3_I0_O)        0.043     5.829 f  Q_OBUF[2]_inst_i_4/O
                         net (fo=2, routed)           0.414     6.243    Q_OBUF[2]_inst_i_4_n_0
    SLICE_X3Y16          LUT6 (Prop_lut6_I1_O)        0.043     6.286 r  Q_OBUF[2]_inst_i_2/O
                         net (fo=5, routed)           0.451     6.737    Q_OBUF[2]
    SLICE_X2Y16          LUT4 (Prop_lut4_I3_O)        0.043     6.780 f  Q_OBUF[1]_inst_i_4/O
                         net (fo=3, routed)           0.510     7.290    Q_OBUF[1]_inst_i_4_n_0
    SLICE_X4Y17          LUT5 (Prop_lut5_I3_O)        0.051     7.341 r  R_OBUF[2]_inst_i_5/O
                         net (fo=2, routed)           0.423     7.764    R_OBUF[2]_inst_i_5_n_0
    SLICE_X4Y16          LUT6 (Prop_lut6_I3_O)        0.129     7.893 f  R_OBUF[1]_inst_i_3/O
                         net (fo=2, routed)           0.529     8.423    R_OBUF[1]_inst_i_3_n_0
    SLICE_X1Y16          LUT6 (Prop_lut6_I0_O)        0.043     8.466 r  R_OBUF[3]_inst_i_2/O
                         net (fo=3, routed)           0.414     8.879    R_OBUF[3]_inst_i_2_n_0
    SLICE_X1Y15          LUT5 (Prop_lut5_I2_O)        0.051     8.930 r  R_OBUF[5]_inst_i_2/O
                         net (fo=3, routed)           0.448     9.379    R_OBUF[5]_inst_i_2_n_0
    SLICE_X0Y15          LUT3 (Prop_lut3_I0_O)        0.134     9.513 r  Q_OBUF[0]_inst_i_2/O
                         net (fo=3, routed)           0.228     9.741    Q_OBUF[0]_inst_i_2_n_0
    SLICE_X0Y15          LUT6 (Prop_lut6_I2_O)        0.129     9.870 r  R_OBUF[7]_inst_i_1/O
                         net (fo=1, routed)           0.991    10.861    R_OBUF[7]
    AB17                 OBUF (Prop_obuf_I_O)         2.241    13.102 r  R_OBUF[7]_inst/O
                         net (fo=0)                   0.000    13.102    R[7]
    AB17                                                              r  R[7] (OUT)
  -------------------------------------------------------------------    -------------------

Slack:                    inf
  Source:                 SC[6]
                            (input port)
  Destination:            R[4]
                            (output port)
  Path Group:             (none)
  Path Type:              Max at Slow Process Corner
  Data Path Delay:        13.094ns  (logic 3.909ns (29.851%)  route 9.186ns (70.149%))
  Logic Levels:           20  (IBUF=1 LUT3=1 LUT4=2 LUT5=4 LUT6=11 OBUF=1)

    Location             Delay type                Incr(ns)  Path(ns)    Netlist Resource(s)
  -------------------------------------------------------------------    -------------------
    AA19                                              0.000     0.000 f  SC[6] (IN)
                         net (fo=0)                   0.000     0.000    SC[6]
    AA19                 IBUF (Prop_ibuf_I_O)         0.748     0.748 f  SC_IBUF[6]_inst/O
                         net (fo=13, routed)          1.106     1.854    SC_IBUF[6]
    SLICE_X1Y18          LUT4 (Prop_lut4_I1_O)        0.043     1.897 f  Q_OBUF[7]_inst_i_2/O
                         net (fo=11, routed)          0.547     2.444    Q_OBUF[7]_inst_i_2_n_0
    SLICE_X0Y19          LUT6 (Prop_lut6_I1_O)        0.043     2.487 r  Q_OBUF[5]_inst_i_4/O
                         net (fo=6, routed)           0.520     3.007    Q_OBUF[5]_inst_i_4_n_0
    SLICE_X1Y18          LUT6 (Prop_lut6_I0_O)        0.043     3.050 r  Q_OBUF[4]_inst_i_10/O
                         net (fo=1, routed)           0.219     3.269    Q_OBUF[4]_inst_i_10_n_0
    SLICE_X1Y18          LUT6 (Prop_lut6_I4_O)        0.043     3.312 f  Q_OBUF[4]_inst_i_5/O
                         net (fo=1, routed)           0.409     3.721    Q_OBUF[4]_inst_i_5_n_0
    SLICE_X0Y18          LUT6 (Prop_lut6_I3_O)        0.043     3.764 r  Q_OBUF[4]_inst_i_2/O
                         net (fo=5, routed)           0.436     4.199    Q_OBUF[4]
    SLICE_X2Y18          LUT6 (Prop_lut6_I5_O)        0.043     4.242 r  Q_OBUF[3]_inst_i_6/O
                         net (fo=3, routed)           0.411     4.653    Q_OBUF[3]_inst_i_6_n_0
    SLICE_X0Y17          LUT5 (Prop_lut5_I0_O)        0.043     4.696 r  R_OBUF[3]_inst_i_9/O
                         net (fo=2, routed)           0.434     5.130    R_OBUF[3]_inst_i_9_n_0
    SLICE_X2Y17          LUT6 (Prop_lut6_I3_O)        0.043     5.173 r  R_OBUF[3]_inst_i_8/O
                         net (fo=2, routed)           0.337     5.510    R_OBUF[3]_inst_i_8_n_0
    SLICE_X3Y17          LUT6 (Prop_lut6_I1_O)        0.043     5.553 f  Q_OBUF[2]_inst_i_7/O
                         net (fo=4, routed)           0.233     5.786    Q_OBUF[2]_inst_i_7_n_0
    SLICE_X3Y17          LUT3 (Prop_lut3_I0_O)        0.043     5.829 f  Q_OBUF[2]_inst_i_4/O
                         net (fo=2, routed)           0.414     6.243    Q_OBUF[2]_inst_i_4_n_0
    SLICE_X3Y16          LUT6 (Prop_lut6_I1_O)        0.043     6.286 r  Q_OBUF[2]_inst_i_2/O
                         net (fo=5, routed)           0.451     6.737    Q_OBUF[2]
    SLICE_X2Y16          LUT4 (Prop_lut4_I3_O)        0.043     6.780 f  Q_OBUF[1]_inst_i_4/O
                         net (fo=3, routed)           0.510     7.290    Q_OBUF[1]_inst_i_4_n_0
    SLICE_X4Y17          LUT5 (Prop_lut5_I3_O)        0.051     7.341 r  R_OBUF[2]_inst_i_5/O
                         net (fo=2, routed)           0.423     7.764    R_OBUF[2]_inst_i_5_n_0
    SLICE_X4Y16          LUT6 (Prop_lut6_I3_O)        0.129     7.893 f  R_OBUF[1]_inst_i_3/O
                         net (fo=2, routed)           0.529     8.423    R_OBUF[1]_inst_i_3_n_0
    SLICE_X1Y16          LUT6 (Prop_lut6_I0_O)        0.043     8.466 r  R_OBUF[3]_inst_i_2/O
                         net (fo=3, routed)           0.414     8.879    R_OBUF[3]_inst_i_2_n_0
    SLICE_X1Y15          LUT5 (Prop_lut5_I2_O)        0.051     8.930 r  R_OBUF[5]_inst_i_2/O
                         net (fo=3, routed)           0.448     9.379    R_OBUF[5]_inst_i_2_n_0
    SLICE_X0Y15          LUT5 (Prop_lut5_I2_O)        0.129     9.508 r  R_OBUF[5]_inst_i_3/O
                         net (fo=6, routed)           0.221     9.729    R_OBUF[5]_inst_i_3_n_0
    SLICE_X1Y15          LUT6 (Prop_lut6_I3_O)        0.043     9.772 r  R_OBUF[4]_inst_i_1/O
                         net (fo=1, routed)           1.124    10.896    R_OBUF[4]
    U16                  OBUF (Prop_obuf_I_O)         2.198    13.094 r  R_OBUF[4]_inst/O
                         net (fo=0)                   0.000    13.094    R[4]
    U16                                                               r  R[4] (OUT)
  -------------------------------------------------------------------    -------------------

Slack:                    inf
  Source:                 SC[6]
                            (input port)
  Destination:            R[3]
                            (output port)
  Path Group:             (none)
  Path Type:              Max at Slow Process Corner
  Data Path Delay:        13.064ns  (logic 3.916ns (29.974%)  route 9.148ns (70.026%))
  Logic Levels:           20  (IBUF=1 LUT3=1 LUT4=2 LUT5=4 LUT6=11 OBUF=1)

    Location             Delay type                Incr(ns)  Path(ns)    Netlist Resource(s)
  -------------------------------------------------------------------    -------------------
    AA19                                              0.000     0.000 f  SC[6] (IN)
                         net (fo=0)                   0.000     0.000    SC[6]
    AA19                 IBUF (Prop_ibuf_I_O)         0.748     0.748 f  SC_IBUF[6]_inst/O
                         net (fo=13, routed)          1.106     1.854    SC_IBUF[6]
    SLICE_X1Y18          LUT4 (Prop_lut4_I1_O)        0.043     1.897 f  Q_OBUF[7]_inst_i_2/O
                         net (fo=11, routed)          0.547     2.444    Q_OBUF[7]_inst_i_2_n_0
    SLICE_X0Y19          LUT6 (Prop_lut6_I1_O)        0.043     2.487 r  Q_OBUF[5]_inst_i_4/O
                         net (fo=6, routed)           0.520     3.007    Q_OBUF[5]_inst_i_4_n_0
    SLICE_X1Y18          LUT6 (Prop_lut6_I0_O)        0.043     3.050 r  Q_OBUF[4]_inst_i_10/O
                         net (fo=1, routed)           0.219     3.269    Q_OBUF[4]_inst_i_10_n_0
    SLICE_X1Y18          LUT6 (Prop_lut6_I4_O)        0.043     3.312 f  Q_OBUF[4]_inst_i_5/O
                         net (fo=1, routed)           0.409     3.721    Q_OBUF[4]_inst_i_5_n_0
    SLICE_X0Y18          LUT6 (Prop_lut6_I3_O)        0.043     3.764 r  Q_OBUF[4]_inst_i_2/O
                         net (fo=5, routed)           0.436     4.199    Q_OBUF[4]
    SLICE_X2Y18          LUT6 (Prop_lut6_I5_O)        0.043     4.242 r  Q_OBUF[3]_inst_i_6/O
                         net (fo=3, routed)           0.411     4.653    Q_OBUF[3]_inst_i_6_n_0
    SLICE_X0Y17          LUT5 (Prop_lut5_I0_O)        0.043     4.696 r  R_OBUF[3]_inst_i_9/O
                         net (fo=2, routed)           0.434     5.130    R_OBUF[3]_inst_i_9_n_0
    SLICE_X2Y17          LUT6 (Prop_lut6_I3_O)        0.043     5.173 r  R_OBUF[3]_inst_i_8/O
                         net (fo=2, routed)           0.337     5.510    R_OBUF[3]_inst_i_8_n_0
    SLICE_X3Y17          LUT6 (Prop_lut6_I1_O)        0.043     5.553 f  Q_OBUF[2]_inst_i_7/O
                         net (fo=4, routed)           0.233     5.786    Q_OBUF[2]_inst_i_7_n_0
    SLICE_X3Y17          LUT3 (Prop_lut3_I0_O)        0.043     5.829 f  Q_OBUF[2]_inst_i_4/O
                         net (fo=2, routed)           0.414     6.243    Q_OBUF[2]_inst_i_4_n_0
    SLICE_X3Y16          LUT6 (Prop_lut6_I1_O)        0.043     6.286 r  Q_OBUF[2]_inst_i_2/O
                         net (fo=5, routed)           0.451     6.737    Q_OBUF[2]
    SLICE_X2Y16          LUT4 (Prop_lut4_I3_O)        0.043     6.780 f  Q_OBUF[1]_inst_i_4/O
                         net (fo=3, routed)           0.510     7.290    Q_OBUF[1]_inst_i_4_n_0
    SLICE_X4Y17          LUT5 (Prop_lut5_I3_O)        0.051     7.341 r  R_OBUF[2]_inst_i_5/O
                         net (fo=2, routed)           0.423     7.764    R_OBUF[2]_inst_i_5_n_0
    SLICE_X4Y16          LUT6 (Prop_lut6_I3_O)        0.129     7.893 f  R_OBUF[1]_inst_i_3/O
                         net (fo=2, routed)           0.529     8.423    R_OBUF[1]_inst_i_3_n_0
    SLICE_X1Y16          LUT6 (Prop_lut6_I0_O)        0.043     8.466 r  R_OBUF[3]_inst_i_2/O
                         net (fo=3, routed)           0.414     8.879    R_OBUF[3]_inst_i_2_n_0
    SLICE_X1Y15          LUT5 (Prop_lut5_I2_O)        0.051     8.930 r  R_OBUF[5]_inst_i_2/O
                         net (fo=3, routed)           0.448     9.379    R_OBUF[5]_inst_i_2_n_0
    SLICE_X0Y15          LUT5 (Prop_lut5_I2_O)        0.129     9.508 r  R_OBUF[5]_inst_i_3/O
                         net (fo=6, routed)           0.172     9.680    R_OBUF[5]_inst_i_3_n_0
    SLICE_X1Y15          LUT6 (Prop_lut6_I3_O)        0.043     9.723 r  R_OBUF[3]_inst_i_1/O
                         net (fo=1, routed)           1.136    10.858    R_OBUF[3]
    V17                  OBUF (Prop_obuf_I_O)         2.205    13.064 r  R_OBUF[3]_inst/O
                         net (fo=0)                   0.000    13.064    R[3]
    V17                                                               r  R[3] (OUT)
  -------------------------------------------------------------------    -------------------

Slack:                    inf
  Source:                 SC[6]
                            (input port)
  Destination:            Q[1]
                            (output port)
  Path Group:             (none)
  Path Type:              Max at Slow Process Corner
  Data Path Delay:        11.083ns  (logic 3.641ns (32.849%)  route 7.443ns (67.151%))
  Logic Levels:           16  (IBUF=1 LUT3=1 LUT4=1 LUT5=3 LUT6=9 OBUF=1)

    Location             Delay type                Incr(ns)  Path(ns)    Netlist Resource(s)
  -------------------------------------------------------------------    -------------------
    AA19                                              0.000     0.000 f  SC[6] (IN)
                         net (fo=0)                   0.000     0.000    SC[6]
    AA19                 IBUF (Prop_ibuf_I_O)         0.748     0.748 f  SC_IBUF[6]_inst/O
                         net (fo=13, routed)          1.106     1.854    SC_IBUF[6]
    SLICE_X1Y18          LUT4 (Prop_lut4_I1_O)        0.043     1.897 f  Q_OBUF[7]_inst_i_2/O
                         net (fo=11, routed)          0.547     2.444    Q_OBUF[7]_inst_i_2_n_0
    SLICE_X0Y19          LUT6 (Prop_lut6_I1_O)        0.043     2.487 r  Q_OBUF[5]_inst_i_4/O
                         net (fo=6, routed)           0.520     3.007    Q_OBUF[5]_inst_i_4_n_0
    SLICE_X1Y18          LUT6 (Prop_lut6_I0_O)        0.043     3.050 r  Q_OBUF[4]_inst_i_10/O
                         net (fo=1, routed)           0.219     3.269    Q_OBUF[4]_inst_i_10_n_0
    SLICE_X1Y18          LUT6 (Prop_lut6_I4_O)        0.043     3.312 f  Q_OBUF[4]_inst_i_5/O
                         net (fo=1, routed)           0.409     3.721    Q_OBUF[4]_inst_i_5_n_0
    SLICE_X0Y18          LUT6 (Prop_lut6_I3_O)        0.043     3.764 r  Q_OBUF[4]_inst_i_2/O
                         net (fo=5, routed)           0.436     4.199    Q_OBUF[4]
    SLICE_X2Y18          LUT6 (Prop_lut6_I5_O)        0.043     4.242 r  Q_OBUF[3]_inst_i_6/O
                         net (fo=3, routed)           0.411     4.653    Q_OBUF[3]_inst_i_6_n_0
    SLICE_X0Y17          LUT5 (Prop_lut5_I0_O)        0.043     4.696 r  R_OBUF[3]_inst_i_9/O
                         net (fo=2, routed)           0.434     5.130    R_OBUF[3]_inst_i_9_n_0
    SLICE_X2Y17          LUT6 (Prop_lut6_I3_O)        0.043     5.173 r  R_OBUF[3]_inst_i_8/O
                         net (fo=2, routed)           0.337     5.510    R_OBUF[3]_inst_i_8_n_0
    SLICE_X3Y17          LUT6 (Prop_lut6_I1_O)        0.043     5.553 f  Q_OBUF[2]_inst_i_7/O
                         net (fo=4, routed)           0.233     5.786    Q_OBUF[2]_inst_i_7_n_0
    SLICE_X3Y17          LUT5 (Prop_lut5_I3_O)        0.049     5.835 r  R_OBUF[4]_inst_i_7/O
                         net (fo=3, routed)           0.439     6.274    R_OBUF[4]_inst_i_7_n_0
    SLICE_X2Y16          LUT6 (Prop_lut6_I1_O)        0.129     6.403 f  R_OBUF[3]_inst_i_4/O
                         net (fo=3, routed)           0.338     6.741    R_OBUF[3]_inst_i_4_n_0
    SLICE_X3Y17          LUT5 (Prop_lut5_I1_O)        0.043     6.784 f  R_OBUF[5]_inst_i_5/O
                         net (fo=3, routed)           0.332     7.116    R_OBUF[5]_inst_i_5_n_0
    SLICE_X4Y17          LUT3 (Prop_lut3_I0_O)        0.043     7.159 f  Q_OBUF[1]_inst_i_5/O
                         net (fo=2, routed)           0.373     7.532    Q_OBUF[1]_inst_i_5_n_0
    SLICE_X3Y15          LUT6 (Prop_lut6_I5_O)        0.043     7.575 r  Q_OBUF[1]_inst_i_2/O
                         net (fo=7, routed)           1.309     8.885    Q_OBUF[1]
    U15                  OBUF (Prop_obuf_I_O)         2.198    11.083 r  Q_OBUF[1]_inst/O
                         net (fo=0)                   0.000    11.083    Q[1]
    U15                                                               r  Q[1] (OUT)
  -------------------------------------------------------------------    -------------------





Min Delay Paths
--------------------------------------------------------------------------------------
Slack:                    inf
  Source:                 SBC[0]
                            (input port)
  Destination:            R[0]
                            (output port)
  Path Group:             (none)
  Path Type:              Min at Fast Process Corner
  Data Path Delay:        2.165ns  (logic 1.438ns (66.399%)  route 0.728ns (33.601%))
  Logic Levels:           3  (IBUF=1 LUT5=1 OBUF=1)

    Location             Delay type                Incr(ns)  Path(ns)    Netlist Resource(s)
  -------------------------------------------------------------------    -------------------
    AA16                                              0.000     0.000 r  SBC[0] (IN)
                         net (fo=0)                   0.000     0.000    SBC[0]
    AA16                 IBUF (Prop_ibuf_I_O)         0.098     0.098 r  SBC_IBUF[0]_inst/O
                         net (fo=4, routed)           0.314     0.412    SBC_IBUF[0]
    SLICE_X0Y16          LUT5 (Prop_lut5_I0_O)        0.030     0.442 r  R_OBUF[0]_inst_i_1/O
                         net (fo=1, routed)           0.413     0.855    R_OBUF[0]
    W16                  OBUF (Prop_obuf_I_O)         1.310     2.165 r  R_OBUF[0]_inst/O
                         net (fo=0)                   0.000     2.165    R[0]
    W16                                                               r  R[0] (OUT)
  -------------------------------------------------------------------    -------------------

Slack:                    inf
  Source:                 SBC[0]
                            (input port)
  Destination:            R[2]
                            (output port)
  Path Group:             (none)
  Path Type:              Min at Fast Process Corner
  Data Path Delay:        2.207ns  (logic 1.413ns (64.034%)  route 0.794ns (35.966%))
  Logic Levels:           4  (IBUF=1 LUT5=1 LUT6=1 OBUF=1)

    Location             Delay type                Incr(ns)  Path(ns)    Netlist Resource(s)
  -------------------------------------------------------------------    -------------------
    AA16                                              0.000     0.000 f  SBC[0] (IN)
                         net (fo=0)                   0.000     0.000    SBC[0]
    AA16                 IBUF (Prop_ibuf_I_O)         0.098     0.098 f  SBC_IBUF[0]_inst/O
                         net (fo=4, routed)           0.362     0.460    SBC_IBUF[0]
    SLICE_X0Y16          LUT5 (Prop_lut5_I2_O)        0.028     0.488 r  R_OBUF[2]_inst_i_2/O
                         net (fo=1, routed)           0.056     0.544    R_OBUF[2]_inst_i_2_n_0
    SLICE_X0Y16          LUT6 (Prop_lut6_I1_O)        0.028     0.572 r  R_OBUF[2]_inst_i_1/O
                         net (fo=1, routed)           0.375     0.948    R_OBUF[2]
    R16                  OBUF (Prop_obuf_I_O)         1.259     2.207 r  R_OBUF[2]_inst/O
                         net (fo=0)                   0.000     2.207    R[2]
    R16                                                               r  R[2] (OUT)
  -------------------------------------------------------------------    -------------------

Slack:                    inf
  Source:                 SBC[6]
                            (input port)
  Destination:            Q[6]
                            (output port)
  Path Group:             (none)
  Path Type:              Min at Fast Process Corner
  Data Path Delay:        2.253ns  (logic 1.427ns (63.317%)  route 0.827ns (36.683%))
  Logic Levels:           3  (IBUF=1 LUT6=1 OBUF=1)

    Location             Delay type                Incr(ns)  Path(ns)    Netlist Resource(s)
  -------------------------------------------------------------------    -------------------
    W17                                               0.000     0.000 r  SBC[6] (IN)
                         net (fo=0)                   0.000     0.000    SBC[6]
    W17                  IBUF (Prop_ibuf_I_O)         0.091     0.091 r  SBC_IBUF[6]_inst/O
                         net (fo=4, routed)           0.383     0.474    SBC_IBUF[6]
    SLICE_X0Y18          LUT6 (Prop_lut6_I0_O)        0.028     0.502 r  Q_OBUF[6]_inst_i_1/O
                         net (fo=1, routed)           0.444     0.946    Q_OBUF[6]
    W14                  OBUF (Prop_obuf_I_O)         1.307     2.253 r  Q_OBUF[6]_inst/O
                         net (fo=0)                   0.000     2.253    Q[6]
    W14                                                               r  Q[6] (OUT)
  -------------------------------------------------------------------    -------------------

Slack:                    inf
  Source:                 SBC[7]
                            (input port)
  Destination:            Q[7]
                            (output port)
  Path Group:             (none)
  Path Type:              Min at Fast Process Corner
  Data Path Delay:        2.282ns  (logic 1.393ns (61.060%)  route 0.889ns (38.940%))
  Logic Levels:           3  (IBUF=1 LUT6=1 OBUF=1)

    Location             Delay type                Incr(ns)  Path(ns)    Netlist Resource(s)
  -------------------------------------------------------------------    -------------------
    Y19                                               0.000     0.000 r  SBC[7] (IN)
                         net (fo=0)                   0.000     0.000    SBC[7]
    Y19                  IBUF (Prop_ibuf_I_O)         0.093     0.093 r  SBC_IBUF[7]_inst/O
                         net (fo=6, routed)           0.432     0.525    SBC_IBUF[7]
    SLICE_X0Y18          LUT6 (Prop_lut6_I2_O)        0.028     0.553 r  Q_OBUF[7]_inst_i_1/O
                         net (fo=1, routed)           0.456     1.009    Q_OBUF[7]
    Y16                  OBUF (Prop_obuf_I_O)         1.273     2.282 r  Q_OBUF[7]_inst/O
                         net (fo=0)                   0.000     2.282    Q[7]
    Y16                                                               r  Q[7] (OUT)
  -------------------------------------------------------------------    -------------------

Slack:                    inf
  Source:                 SBC[0]
                            (input port)
  Destination:            R[1]
                            (output port)
  Path Group:             (none)
  Path Type:              Min at Fast Process Corner
  Data Path Delay:        2.285ns  (logic 1.409ns (61.689%)  route 0.875ns (38.311%))
  Logic Levels:           4  (IBUF=1 LUT2=1 LUT6=1 OBUF=1)

    Location             Delay type                Incr(ns)  Path(ns)    Netlist Resource(s)
  -------------------------------------------------------------------    -------------------
    AA16                                              0.000     0.000 f  SBC[0] (IN)
                         net (fo=0)                   0.000     0.000    SBC[0]
    AA16                 IBUF (Prop_ibuf_I_O)         0.098     0.098 f  SBC_IBUF[0]_inst/O
                         net (fo=4, routed)           0.314     0.412    SBC_IBUF[0]
    SLICE_X0Y16          LUT2 (Prop_lut2_I1_O)        0.028     0.440 r  R_OBUF[1]_inst_i_2/O
                         net (fo=1, routed)           0.185     0.625    R_OBUF[1]_inst_i_2_n_0
    SLICE_X0Y16          LUT6 (Prop_lut6_I1_O)        0.028     0.653 r  R_OBUF[1]_inst_i_1/O
                         net (fo=1, routed)           0.376     1.029    R_OBUF[1]
    T16                  OBUF (Prop_obuf_I_O)         1.256     2.285 r  R_OBUF[1]_inst/O
                         net (fo=0)                   0.000     2.285    R[1]
    T16                                                               r  R[1] (OUT)
  -------------------------------------------------------------------    -------------------

Slack:                    inf
  Source:                 SBC[7]
                            (input port)
  Destination:            R[7]
                            (output port)
  Path Group:             (none)
  Path Type:              Min at Fast Process Corner
  Data Path Delay:        2.303ns  (logic 1.447ns (62.840%)  route 0.856ns (37.160%))
  Logic Levels:           4  (IBUF=1 LUT6=2 OBUF=1)

    Location             Delay type                Incr(ns)  Path(ns)    Netlist Resource(s)
  -------------------------------------------------------------------    -------------------
    Y19                                               0.000     0.000 r  SBC[7] (IN)
                         net (fo=0)                   0.000     0.000    SBC[7]
    Y19                  IBUF (Prop_ibuf_I_O)         0.093     0.093 r  SBC_IBUF[7]_inst/O
                         net (fo=6, routed)           0.364     0.457    SBC_IBUF[7]
    SLICE_X0Y19          LUT6 (Prop_lut6_I2_O)        0.028     0.485 r  R_OBUF[7]_inst_i_2/O
                         net (fo=7, routed)           0.186     0.670    R_OBUF[7]_inst_i_2_n_0
    SLICE_X0Y15          LUT6 (Prop_lut6_I0_O)        0.028     0.698 r  R_OBUF[7]_inst_i_1/O
                         net (fo=1, routed)           0.306     1.005    R_OBUF[7]
    AB17                 OBUF (Prop_obuf_I_O)         1.298     2.303 r  R_OBUF[7]_inst/O
                         net (fo=0)                   0.000     2.303    R[7]
    AB17                                                              r  R[7] (OUT)
  -------------------------------------------------------------------    -------------------

Slack:                    inf
  Source:                 SC[3]
                            (input port)
  Destination:            Q[4]
                            (output port)
  Path Group:             (none)
  Path Type:              Min at Fast Process Corner
  Data Path Delay:        2.307ns  (logic 1.394ns (60.432%)  route 0.913ns (39.568%))
  Logic Levels:           3  (IBUF=1 LUT6=1 OBUF=1)

    Location             Delay type                Incr(ns)  Path(ns)    Netlist Resource(s)
  -------------------------------------------------------------------    -------------------
    W20                                               0.000     0.000 f  SC[3] (IN)
                         net (fo=0)                   0.000     0.000    SC[3]
    W20                  IBUF (Prop_ibuf_I_O)         0.109     0.109 f  SC_IBUF[3]_inst/O
                         net (fo=22, routed)          0.457     0.566    SC_IBUF[3]
    SLICE_X0Y18          LUT6 (Prop_lut6_I1_O)        0.028     0.594 r  Q_OBUF[4]_inst_i_2/O
                         net (fo=5, routed)           0.456     1.050    Q_OBUF[4]
    V15                  OBUF (Prop_obuf_I_O)         1.257     2.307 r  Q_OBUF[4]_inst/O
                         net (fo=0)                   0.000     2.307    Q[4]
    V15                                                               r  Q[4] (OUT)
  -------------------------------------------------------------------    -------------------

Slack:                    inf
  Source:                 SC[4]
                            (input port)
  Destination:            R[4]
                            (output port)
  Path Group:             (none)
  Path Type:              Min at Fast Process Corner
  Data Path Delay:        2.365ns  (logic 1.390ns (58.785%)  route 0.975ns (41.215%))
  Logic Levels:           3  (IBUF=1 LUT6=1 OBUF=1)

    Location             Delay type                Incr(ns)  Path(ns)    Netlist Resource(s)
  -------------------------------------------------------------------    -------------------
    V20                                               0.000     0.000 r  SC[4] (IN)
                         net (fo=0)                   0.000     0.000    SC[4]
    V20                  IBUF (Prop_ibuf_I_O)         0.106     0.106 r  SC_IBUF[4]_inst/O
                         net (fo=15, routed)          0.588     0.695    SC_IBUF[4]
    SLICE_X1Y15          LUT6 (Prop_lut6_I0_O)        0.028     0.723 r  R_OBUF[4]_inst_i_1/O
                         net (fo=1, routed)           0.386     1.109    R_OBUF[4]
    U16                  OBUF (Prop_obuf_I_O)         1.256     2.365 r  R_OBUF[4]_inst/O
                         net (fo=0)                   0.000     2.365    R[4]
    U16                                                               r  R[4] (OUT)
  -------------------------------------------------------------------    -------------------

Slack:                    inf
  Source:                 SC[4]
                            (input port)
  Destination:            Q[3]
                            (output port)
  Path Group:             (none)
  Path Type:              Min at Fast Process Corner
  Data Path Delay:        2.378ns  (logic 1.396ns (58.729%)  route 0.981ns (41.271%))
  Logic Levels:           3  (IBUF=1 LUT6=1 OBUF=1)

    Location             Delay type                Incr(ns)  Path(ns)    Netlist Resource(s)
  -------------------------------------------------------------------    -------------------
    V20                                               0.000     0.000 f  SC[4] (IN)
                         net (fo=0)                   0.000     0.000    SC[4]
    V20                  IBUF (Prop_ibuf_I_O)         0.106     0.106 f  SC_IBUF[4]_inst/O
                         net (fo=15, routed)          0.510     0.616    SC_IBUF[4]
    SLICE_X1Y17          LUT6 (Prop_lut6_I2_O)        0.028     0.644 r  Q_OBUF[3]_inst_i_2/O
                         net (fo=9, routed)           0.471     1.116    Q_OBUF[3]
    W15                  OBUF (Prop_obuf_I_O)         1.262     2.378 r  Q_OBUF[3]_inst/O
                         net (fo=0)                   0.000     2.378    Q[3]
    W15                                                               r  Q[3] (OUT)
  -------------------------------------------------------------------    -------------------

Slack:                    inf
  Source:                 SBC[0]
                            (input port)
  Destination:            R[3]
                            (output port)
  Path Group:             (none)
  Path Type:              Min at Fast Process Corner
  Data Path Delay:        2.386ns  (logic 1.417ns (59.380%)  route 0.969ns (40.620%))
  Logic Levels:           4  (IBUF=1 LUT6=2 OBUF=1)

    Location             Delay type                Incr(ns)  Path(ns)    Netlist Resource(s)
  -------------------------------------------------------------------    -------------------
    AA16                                              0.000     0.000 f  SBC[0] (IN)
                         net (fo=0)                   0.000     0.000    SBC[0]
    AA16                 IBUF (Prop_ibuf_I_O)         0.098     0.098 f  SBC_IBUF[0]_inst/O
                         net (fo=4, routed)           0.360     0.458    SBC_IBUF[0]
    SLICE_X1Y16          LUT6 (Prop_lut6_I1_O)        0.028     0.486 r  R_OBUF[3]_inst_i_2/O
                         net (fo=3, routed)           0.219     0.704    R_OBUF[3]_inst_i_2_n_0
    SLICE_X1Y15          LUT6 (Prop_lut6_I1_O)        0.028     0.732 r  R_OBUF[3]_inst_i_1/O
                         net (fo=1, routed)           0.391     1.123    R_OBUF[3]
    V17                  OBUF (Prop_obuf_I_O)         1.263     2.386 r  R_OBUF[3]_inst/O
                         net (fo=0)                   0.000     2.386    R[3]
    V17                                                               r  R[3] (OUT)
  -------------------------------------------------------------------    -------------------





