
*** Running vivado
    with args -log DivFA_unmux.vds -m64 -product Vivado -mode batch -messageDb vivado.pb -notrace -source DivFA_unmux.tcl


ECHO is off.
ECHO is off.

****** Vivado v2023.2 (64-bit)
  **** SW Build 4029153 on Fri Oct 13 20:14:34 MDT 2023
  **** IP Build 4028589 on Sat Oct 14 00:45:43 MDT 2023
  **** SharedData Build 4025554 on Tue Oct 10 17:18:54 MDT 2023
    ** Copyright 1986-2022 Xilinx, Inc. All Rights Reserved.
    ** Copyright 2022-2023 Advanced Micro Devices, Inc. All Rights Reserved.

source DivFA_unmux.tcl -notrace
create_project: Time (s): cpu = 00:00:06 ; elapsed = 00:00:07 . Memory (MB): peak = 472.359 ; gain = 179.020
Command: synth_design -top DivFA_unmux -part xc7k70tfbg484-3
Starting synth_design
Attempting to get a license for feature 'Synthesis' and/or device 'xc7k70t'
INFO: [Common 17-349] Got license for feature 'Synthesis' and/or device 'xc7k70t'
INFO: [Synth 8-7079] Multithreading enabled for synth_design using a maximum of 2 processes.
INFO: [Synth 8-7078] Launching helper process for spawning children vivado processes
INFO: [Synth 8-7075] Helper process launched with PID 13544
---------------------------------------------------------------------------------
Starting Synthesize : Time (s): cpu = 00:00:05 ; elapsed = 00:00:06 . Memory (MB): peak = 922.219 ; gain = 445.926
---------------------------------------------------------------------------------
INFO: [Synth 8-11241] undeclared symbol 'co77', assumed default net type 'wire' [D:/New folder/Div8bit_FAunmux/Div8bit_FAunmux.srcs/sources_1/new/DivFA_unmux.v:116]
INFO: [Synth 8-6157] synthesizing module 'DivFA_unmux' [D:/New folder/Div8bit_FAunmux/Div8bit_FAunmux.srcs/sources_1/new/DivFA_unmux.v:23]
INFO: [Synth 8-6157] synthesizing module 'FA' [D:/New folder/Div8bit_FAunmux/Div8bit_FAunmux.srcs/sources_1/new/FA.v:23]
INFO: [Synth 8-6155] done synthesizing module 'FA' (0#1) [D:/New folder/Div8bit_FAunmux/Div8bit_FAunmux.srcs/sources_1/new/FA.v:23]
INFO: [Synth 8-6157] synthesizing module 'PU' [D:/New folder/Div8bit_FAunmux/Div8bit_FAunmux.srcs/sources_1/new/PU.v:23]
INFO: [Synth 8-6157] synthesizing module 'Mux21' [D:/New folder/Div8bit_FAunmux/Div8bit_FAunmux.srcs/sources_1/new/Mux21.v:23]
INFO: [Synth 8-6155] done synthesizing module 'Mux21' (0#1) [D:/New folder/Div8bit_FAunmux/Div8bit_FAunmux.srcs/sources_1/new/Mux21.v:23]
INFO: [Synth 8-6155] done synthesizing module 'PU' (0#1) [D:/New folder/Div8bit_FAunmux/Div8bit_FAunmux.srcs/sources_1/new/PU.v:23]
INFO: [Synth 8-6155] done synthesizing module 'DivFA_unmux' (0#1) [D:/New folder/Div8bit_FAunmux/Div8bit_FAunmux.srcs/sources_1/new/DivFA_unmux.v:23]
---------------------------------------------------------------------------------
Finished Synthesize : Time (s): cpu = 00:00:07 ; elapsed = 00:00:07 . Memory (MB): peak = 1029.406 ; gain = 553.113
---------------------------------------------------------------------------------
---------------------------------------------------------------------------------
Finished Constraint Validation : Time (s): cpu = 00:00:07 ; elapsed = 00:00:08 . Memory (MB): peak = 1029.406 ; gain = 553.113
---------------------------------------------------------------------------------
---------------------------------------------------------------------------------
Start Loading Part and Timing Information
---------------------------------------------------------------------------------
Loading part: xc7k70tfbg484-3
---------------------------------------------------------------------------------
Finished Loading Part and Timing Information : Time (s): cpu = 00:00:07 ; elapsed = 00:00:08 . Memory (MB): peak = 1029.406 ; gain = 553.113
---------------------------------------------------------------------------------
INFO: [Device 21-403] Loading part xc7k70tfbg484-3
---------------------------------------------------------------------------------
Finished RTL Optimization Phase 2 : Time (s): cpu = 00:00:07 ; elapsed = 00:00:08 . Memory (MB): peak = 1029.406 ; gain = 553.113
---------------------------------------------------------------------------------
No constraint files found.
---------------------------------------------------------------------------------
Start RTL Component Statistics 
---------------------------------------------------------------------------------
Detailed RTL Component Info : 
+---XORs : 
	   3 Input      1 Bit         XORs := 64    
+---Muxes : 
	   2 Input    1 Bit        Muxes := 57    
---------------------------------------------------------------------------------
Finished RTL Component Statistics 
---------------------------------------------------------------------------------
---------------------------------------------------------------------------------
Start Part Resource Summary
---------------------------------------------------------------------------------
Part Resources:
DSPs: 240 (col length:80)
BRAMs: 270 (col length: RAMB18 80 RAMB36 40)
---------------------------------------------------------------------------------
Finished Part Resource Summary
---------------------------------------------------------------------------------
No constraint files found.
---------------------------------------------------------------------------------
Start Cross Boundary and Area Optimization
---------------------------------------------------------------------------------
WARNING: [Synth 8-7080] Parallel synthesis criteria is not met
---------------------------------------------------------------------------------
Finished Cross Boundary and Area Optimization : Time (s): cpu = 00:00:16 ; elapsed = 00:00:17 . Memory (MB): peak = 1277.449 ; gain = 801.156
---------------------------------------------------------------------------------
No constraint files found.
---------------------------------------------------------------------------------
Start Timing Optimization
---------------------------------------------------------------------------------
---------------------------------------------------------------------------------
Finished Timing Optimization : Time (s): cpu = 00:00:16 ; elapsed = 00:00:18 . Memory (MB): peak = 1279.891 ; gain = 803.598
---------------------------------------------------------------------------------
---------------------------------------------------------------------------------
Start Technology Mapping
---------------------------------------------------------------------------------
---------------------------------------------------------------------------------
Finished Technology Mapping : Time (s): cpu = 00:00:16 ; elapsed = 00:00:18 . Memory (MB): peak = 1279.891 ; gain = 803.598
---------------------------------------------------------------------------------
---------------------------------------------------------------------------------
Start IO Insertion
---------------------------------------------------------------------------------
---------------------------------------------------------------------------------
Start Flattening Before IO Insertion
---------------------------------------------------------------------------------
---------------------------------------------------------------------------------
Finished Flattening Before IO Insertion
---------------------------------------------------------------------------------
---------------------------------------------------------------------------------
Start Final Netlist Cleanup
---------------------------------------------------------------------------------
---------------------------------------------------------------------------------
Finished Final Netlist Cleanup
---------------------------------------------------------------------------------
---------------------------------------------------------------------------------
Finished IO Insertion : Time (s): cpu = 00:00:20 ; elapsed = 00:00:22 . Memory (MB): peak = 1279.891 ; gain = 803.598
---------------------------------------------------------------------------------
---------------------------------------------------------------------------------
Start Renaming Generated Instances
---------------------------------------------------------------------------------
---------------------------------------------------------------------------------
Finished Renaming Generated Instances : Time (s): cpu = 00:00:20 ; elapsed = 00:00:22 . Memory (MB): peak = 1279.891 ; gain = 803.598
---------------------------------------------------------------------------------
---------------------------------------------------------------------------------
Start Rebuilding User Hierarchy
---------------------------------------------------------------------------------
---------------------------------------------------------------------------------
Finished Rebuilding User Hierarchy : Time (s): cpu = 00:00:20 ; elapsed = 00:00:22 . Memory (MB): peak = 1279.891 ; gain = 803.598
---------------------------------------------------------------------------------
---------------------------------------------------------------------------------
Start Renaming Generated Ports
---------------------------------------------------------------------------------
---------------------------------------------------------------------------------
Finished Renaming Generated Ports : Time (s): cpu = 00:00:20 ; elapsed = 00:00:22 . Memory (MB): peak = 1279.891 ; gain = 803.598
---------------------------------------------------------------------------------
---------------------------------------------------------------------------------
Start Handling Custom Attributes
---------------------------------------------------------------------------------
---------------------------------------------------------------------------------
Finished Handling Custom Attributes : Time (s): cpu = 00:00:20 ; elapsed = 00:00:22 . Memory (MB): peak = 1279.891 ; gain = 803.598
---------------------------------------------------------------------------------
---------------------------------------------------------------------------------
Start Renaming Generated Nets
---------------------------------------------------------------------------------
---------------------------------------------------------------------------------
Finished Renaming Generated Nets : Time (s): cpu = 00:00:20 ; elapsed = 00:00:22 . Memory (MB): peak = 1279.891 ; gain = 803.598
---------------------------------------------------------------------------------
---------------------------------------------------------------------------------
Start Writing Synthesis Report
---------------------------------------------------------------------------------

Report BlackBoxes: 
+-+--------------+----------+
| |BlackBox name |Instances |
+-+--------------+----------+
+-+--------------+----------+

Report Cell Usage: 
+------+-----+------+
|      |Cell |Count |
+------+-----+------+
|1     |LUT1 |     6|
|2     |LUT2 |     6|
|3     |LUT3 |    12|
|4     |LUT4 |    12|
|5     |LUT5 |    14|
|6     |LUT6 |    32|
|7     |IBUF |    16|
|8     |OBUF |    16|
+------+-----+------+

Report Instance Areas: 
+------+---------+-------+------+
|      |Instance |Module |Cells |
+------+---------+-------+------+
|1     |top      |       |   114|
+------+---------+-------+------+
---------------------------------------------------------------------------------
Finished Writing Synthesis Report : Time (s): cpu = 00:00:20 ; elapsed = 00:00:22 . Memory (MB): peak = 1279.891 ; gain = 803.598
---------------------------------------------------------------------------------
Synthesis finished with 0 errors, 0 critical warnings and 1 warnings.
Synthesis Optimization Runtime : Time (s): cpu = 00:00:20 ; elapsed = 00:00:22 . Memory (MB): peak = 1279.891 ; gain = 803.598
Synthesis Optimization Complete : Time (s): cpu = 00:00:20 ; elapsed = 00:00:22 . Memory (MB): peak = 1279.891 ; gain = 803.598
INFO: [Project 1-571] Translating synthesized netlist
Netlist sorting complete. Time (s): cpu = 00:00:00 ; elapsed = 00:00:00 . Memory (MB): peak = 1291.898 ; gain = 0.000
INFO: [Project 1-570] Preparing netlist for logic optimization
INFO: [Opt 31-138] Pushed 0 inverter(s) to 0 load pin(s).
Netlist sorting complete. Time (s): cpu = 00:00:00 ; elapsed = 00:00:00 . Memory (MB): peak = 1328.574 ; gain = 0.000
INFO: [Project 1-111] Unisim Transformation Summary:
No Unisim elements were transformed.

Access is denied.
Synth Design complete | Checksum: c77d35b
INFO: [Common 17-83] Releasing license: Synthesis
19 Infos, 1 Warnings, 0 Critical Warnings and 0 Errors encountered.
synth_design completed successfully
synth_design: Time (s): cpu = 00:00:22 ; elapsed = 00:00:24 . Memory (MB): peak = 1328.574 ; gain = 856.215
Write ShapeDB Complete: Time (s): cpu = 00:00:00 ; elapsed = 00:00:00.001 . Memory (MB): peak = 1328.574 ; gain = 0.000
INFO: [Common 17-1381] The checkpoint 'D:/New folder/Div8bit_FAunmux/Div8bit_FAunmux.runs/synth_1/DivFA_unmux.dcp' has been generated.
INFO: [runtcl-4] Executing : report_utilization -file DivFA_unmux_utilization_synth.rpt -pb DivFA_unmux_utilization_synth.pb
INFO: [Common 17-206] Exiting Vivado at Sat Jun 15 01:34:09 2024...
