Copyright 1986-2022 Xilinx, Inc. All Rights Reserved. Copyright 2022-2024 Advanced Micro Devices, Inc. All Rights Reserved.
------------------------------------------------------------------------------------------------------------------------------------------------------------------------------------------------------------
| Tool Version : Vivado v.2024.1 (win64) Build 5076996 Wed May 22 18:37:14 MDT 2024
| Date         : Wed Oct 16 12:40:49 2024
| Host         : HuynhQuy running 64-bit major release  (build 9200)
| Command      : report_timing_summary -max_paths 10 -report_unconstrained -file DivFA_timing_summary_routed.rpt -pb DivFA_timing_summary_routed.pb -rpx DivFA_timing_summary_routed.rpx -warn_on_violation
| Design       : DivFA
| Device       : 7k70t-fbg484
| Speed File   : -3  PRODUCTION 1.12 2017-02-17
| Design State : Routed
------------------------------------------------------------------------------------------------------------------------------------------------------------------------------------------------------------

Timing Summary Report

------------------------------------------------------------------------------------------------
| Timer Settings
| --------------
------------------------------------------------------------------------------------------------

  Enable Multi Corner Analysis               :  Yes
  Enable Pessimism Removal                   :  Yes
  Pessimism Removal Resolution               :  Nearest Common Node
  Enable Input Delay Default Clock           :  No
  Enable Preset / Clear Arcs                 :  No
  Disable Flight Delays                      :  No
  Ignore I/O Paths                           :  No
  Timing Early Launch at Borrowing Latches   :  No
  Borrow Time for Max Delay Exceptions       :  Yes
  Merge Timing Exceptions                    :  Yes
  Inter-SLR Compensation                     :  Conservative

  Corner  Analyze    Analyze    
  Name    Max Paths  Min Paths  
  ------  ---------  ---------  
  Slow    Yes        Yes        
  Fast    Yes        Yes        


------------------------------------------------------------------------------------------------
| Report Methodology
| ------------------
------------------------------------------------------------------------------------------------

No report available as report_methodology has not been run prior. Run report_methodology on the current design for the summary of methodology violations.



check_timing report

Table of Contents
-----------------
1. checking no_clock (0)
2. checking constant_clock (0)
3. checking pulse_width_clock (0)
4. checking unconstrained_internal_endpoints (0)
5. checking no_input_delay (0)
6. checking no_output_delay (0)
7. checking multiple_clock (0)
8. checking generated_clocks (0)
9. checking loops (0)
10. checking partial_input_delay (0)
11. checking partial_output_delay (0)
12. checking latch_loops (0)

1. checking no_clock (0)
------------------------
 There are 0 register/latch pins with no clock.


2. checking constant_clock (0)
------------------------------
 There are 0 register/latch pins with constant_clock.


3. checking pulse_width_clock (0)
---------------------------------
 There are 0 register/latch pins which need pulse_width check


4. checking unconstrained_internal_endpoints (0)
------------------------------------------------
 There are 0 pins that are not constrained for maximum delay.

 There are 0 pins that are not constrained for maximum delay due to constant clock.


5. checking no_input_delay (0)
------------------------------
 There are 0 input ports with no input delay specified.

 There are 0 input ports with no input delay but user has a false path constraint.


6. checking no_output_delay (0)
-------------------------------
 There are 0 ports with no output delay specified.

 There are 0 ports with no output delay but user has a false path constraint

 There are 0 ports with no output delay but with a timing clock defined on it or propagating through it


7. checking multiple_clock (0)
------------------------------
 There are 0 register/latch pins with multiple clocks.


8. checking generated_clocks (0)
--------------------------------
 There are 0 generated clocks that are not connected to a clock source.


9. checking loops (0)
---------------------
 There are 0 combinational loops in the design.


10. checking partial_input_delay (0)
------------------------------------
 There are 0 input ports with partial input delay specified.


11. checking partial_output_delay (0)
-------------------------------------
 There are 0 ports with partial output delay specified.


12. checking latch_loops (0)
----------------------------
 There are 0 combinational latch loops in the design through latch input



------------------------------------------------------------------------------------------------
| Design Timing Summary
| ---------------------
------------------------------------------------------------------------------------------------

    WNS(ns)      TNS(ns)  TNS Failing Endpoints  TNS Total Endpoints      WHS(ns)      THS(ns)  THS Failing Endpoints  THS Total Endpoints     WPWS(ns)     TPWS(ns)  TPWS Failing Endpoints  TPWS Total Endpoints  
    -------      -------  ---------------------  -------------------      -------      -------  ---------------------  -------------------     --------     --------  ----------------------  --------------------  
        inf        0.000                      0                   16          inf        0.000                      0                   16           NA           NA                      NA                    NA  


There are no user specified timing constraints.


------------------------------------------------------------------------------------------------
| Clock Summary
| -------------
------------------------------------------------------------------------------------------------


------------------------------------------------------------------------------------------------
| Intra Clock Table
| -----------------
------------------------------------------------------------------------------------------------

Clock             WNS(ns)      TNS(ns)  TNS Failing Endpoints  TNS Total Endpoints      WHS(ns)      THS(ns)  THS Failing Endpoints  THS Total Endpoints     WPWS(ns)     TPWS(ns)  TPWS Failing Endpoints  TPWS Total Endpoints  
-----             -------      -------  ---------------------  -------------------      -------      -------  ---------------------  -------------------     --------     --------  ----------------------  --------------------  


------------------------------------------------------------------------------------------------
| Inter Clock Table
| -----------------
------------------------------------------------------------------------------------------------

From Clock    To Clock          WNS(ns)      TNS(ns)  TNS Failing Endpoints  TNS Total Endpoints      WHS(ns)      THS(ns)  THS Failing Endpoints  THS Total Endpoints  
----------    --------          -------      -------  ---------------------  -------------------      -------      -------  ---------------------  -------------------  


------------------------------------------------------------------------------------------------
| Other Path Groups Table
| -----------------------
------------------------------------------------------------------------------------------------

Path Group    From Clock    To Clock          WNS(ns)      TNS(ns)  TNS Failing Endpoints  TNS Total Endpoints      WHS(ns)      THS(ns)  THS Failing Endpoints  THS Total Endpoints  
----------    ----------    --------          -------      -------  ---------------------  -------------------      -------      -------  ---------------------  -------------------  


------------------------------------------------------------------------------------------------
| User Ignored Path Table
| -----------------------
------------------------------------------------------------------------------------------------

Path Group    From Clock    To Clock    
----------    ----------    --------    


------------------------------------------------------------------------------------------------
| Unconstrained Path Table
| ------------------------
------------------------------------------------------------------------------------------------

Path Group    From Clock    To Clock    
----------    ----------    --------    
(none)                                    


------------------------------------------------------------------------------------------------
| Timing Details
| --------------
------------------------------------------------------------------------------------------------


--------------------------------------------------------------------------------------
Path Group:  (none)
From Clock:  
  To Clock:  

Max Delay            16 Endpoints
Min Delay            16 Endpoints
--------------------------------------------------------------------------------------


Max Delay Paths
--------------------------------------------------------------------------------------
Slack:                    inf
  Source:                 SC[2]
                            (input port)
  Destination:            Q[0]
                            (output port)
  Path Group:             (none)
  Path Type:              Max at Slow Process Corner
  Data Path Delay:        15.231ns  (logic 4.355ns (28.593%)  route 10.876ns (71.407%))
  Logic Levels:           20  (IBUF=1 LUT2=1 LUT3=3 LUT5=6 LUT6=8 OBUF=1)

    Location             Delay type                Incr(ns)  Path(ns)    Netlist Resource(s)
  -------------------------------------------------------------------    -------------------
    V19                                               0.000     0.000 r  SC[2] (IN)
                         net (fo=0)                   0.000     0.000    SC[2]
    V19                  IBUF (Prop_ibuf_I_O)         0.746     0.746 r  SC_IBUF[2]_inst/O
                         net (fo=19, routed)          1.603     2.349    SC_IBUF[2]
    SLICE_X2Y17          LUT2 (Prop_lut2_I1_O)        0.043     2.392 r  Q_OBUF[6]_inst_i_2/O
                         net (fo=3, routed)           0.326     2.718    Q_OBUF[6]_inst_i_2_n_0
    SLICE_X0Y20          LUT6 (Prop_lut6_I1_O)        0.043     2.761 r  Q_OBUF[5]_inst_i_6/O
                         net (fo=2, routed)           0.336     3.097    Q_OBUF[5]_inst_i_6_n_0
    SLICE_X1Y20          LUT6 (Prop_lut6_I5_O)        0.043     3.140 r  Q_OBUF[5]_inst_i_2/O
                         net (fo=5, routed)           0.611     3.751    Q_OBUF[5]
    SLICE_X2Y21          LUT5 (Prop_lut5_I1_O)        0.043     3.794 f  Q_OBUF[4]_inst_i_5/O
                         net (fo=3, routed)           0.507     4.300    Q_OBUF[4]_inst_i_5_n_0
    SLICE_X2Y19          LUT6 (Prop_lut6_I4_O)        0.127     4.427 r  Q_OBUF[4]_inst_i_2/O
                         net (fo=5, routed)           0.611     5.038    Q_OBUF[4]
    SLICE_X2Y20          LUT3 (Prop_lut3_I0_O)        0.043     5.081 r  Q_OBUF[3]_inst_i_7/O
                         net (fo=6, routed)           0.441     5.523    Q_OBUF[3]_inst_i_7_n_0
    SLICE_X2Y20          LUT6 (Prop_lut6_I1_O)        0.127     5.650 r  Q_OBUF[3]_inst_i_3/O
                         net (fo=2, routed)           0.436     6.086    Q_OBUF[3]_inst_i_3_n_0
    SLICE_X2Y19          LUT6 (Prop_lut6_I0_O)        0.043     6.129 f  Q_OBUF[3]_inst_i_2/O
                         net (fo=6, routed)           0.853     6.982    Q_OBUF[3]
    SLICE_X0Y19          LUT3 (Prop_lut3_I1_O)        0.043     7.025 f  Q_OBUF[2]_inst_i_4/O
                         net (fo=2, routed)           0.611     7.636    Q_OBUF[2]_inst_i_4_n_0
    SLICE_X1Y18          LUT6 (Prop_lut6_I2_O)        0.043     7.679 r  Q_OBUF[2]_inst_i_2/O
                         net (fo=8, routed)           0.425     8.104    Q_OBUF[2]
    SLICE_X0Y17          LUT5 (Prop_lut5_I3_O)        0.053     8.157 f  R_OBUF[4]_inst_i_4/O
                         net (fo=3, routed)           0.426     8.582    R_OBUF[4]_inst_i_4_n_0
    SLICE_X2Y17          LUT5 (Prop_lut5_I2_O)        0.137     8.719 r  R_OBUF[6]_inst_i_5/O
                         net (fo=3, routed)           0.170     8.889    R_OBUF[6]_inst_i_5_n_0
    SLICE_X2Y16          LUT5 (Prop_lut5_I1_O)        0.127     9.016 r  Q_OBUF[1]_inst_i_3/O
                         net (fo=4, routed)           0.497     9.513    Q_OBUF[1]_inst_i_3_n_0
    SLICE_X0Y17          LUT6 (Prop_lut6_I4_O)        0.043     9.556 r  R_OBUF[2]_inst_i_2/O
                         net (fo=2, routed)           0.334     9.890    R_OBUF[2]_inst_i_2_n_0
    SLICE_X0Y18          LUT6 (Prop_lut6_I5_O)        0.043     9.933 r  R_OBUF[3]_inst_i_2/O
                         net (fo=3, routed)           0.508    10.441    R_OBUF[3]_inst_i_2_n_0
    SLICE_X1Y17          LUT5 (Prop_lut5_I0_O)        0.051    10.492 r  R_OBUF[5]_inst_i_3/O
                         net (fo=3, routed)           0.391    10.883    R_OBUF[5]_inst_i_3_n_0
    SLICE_X1Y16          LUT5 (Prop_lut5_I2_O)        0.139    11.022 f  Q_OBUF[0]_inst_i_2/O
                         net (fo=8, routed)           0.471    11.493    Q_OBUF[0]_inst_i_2_n_0
    SLICE_X0Y16          LUT3 (Prop_lut3_I1_O)        0.141    11.634 r  Q_OBUF[0]_inst_i_1/O
                         net (fo=1, routed)           1.320    12.954    Q_OBUF[0]
    V14                  OBUF (Prop_obuf_I_O)         2.277    15.231 r  Q_OBUF[0]_inst/O
                         net (fo=0)                   0.000    15.231    Q[0]
    V14                                                               r  Q[0] (OUT)
  -------------------------------------------------------------------    -------------------

Slack:                    inf
  Source:                 SC[2]
                            (input port)
  Destination:            R[0]
                            (output port)
  Path Group:             (none)
  Path Type:              Max at Slow Process Corner
  Data Path Delay:        14.983ns  (logic 4.280ns (28.563%)  route 10.704ns (71.437%))
  Logic Levels:           20  (IBUF=1 LUT2=1 LUT3=2 LUT5=7 LUT6=8 OBUF=1)

    Location             Delay type                Incr(ns)  Path(ns)    Netlist Resource(s)
  -------------------------------------------------------------------    -------------------
    V19                                               0.000     0.000 r  SC[2] (IN)
                         net (fo=0)                   0.000     0.000    SC[2]
    V19                  IBUF (Prop_ibuf_I_O)         0.746     0.746 r  SC_IBUF[2]_inst/O
                         net (fo=19, routed)          1.603     2.349    SC_IBUF[2]
    SLICE_X2Y17          LUT2 (Prop_lut2_I1_O)        0.043     2.392 r  Q_OBUF[6]_inst_i_2/O
                         net (fo=3, routed)           0.326     2.718    Q_OBUF[6]_inst_i_2_n_0
    SLICE_X0Y20          LUT6 (Prop_lut6_I1_O)        0.043     2.761 r  Q_OBUF[5]_inst_i_6/O
                         net (fo=2, routed)           0.336     3.097    Q_OBUF[5]_inst_i_6_n_0
    SLICE_X1Y20          LUT6 (Prop_lut6_I5_O)        0.043     3.140 r  Q_OBUF[5]_inst_i_2/O
                         net (fo=5, routed)           0.611     3.751    Q_OBUF[5]
    SLICE_X2Y21          LUT5 (Prop_lut5_I1_O)        0.043     3.794 f  Q_OBUF[4]_inst_i_5/O
                         net (fo=3, routed)           0.507     4.300    Q_OBUF[4]_inst_i_5_n_0
    SLICE_X2Y19          LUT6 (Prop_lut6_I4_O)        0.127     4.427 r  Q_OBUF[4]_inst_i_2/O
                         net (fo=5, routed)           0.611     5.038    Q_OBUF[4]
    SLICE_X2Y20          LUT3 (Prop_lut3_I0_O)        0.043     5.081 r  Q_OBUF[3]_inst_i_7/O
                         net (fo=6, routed)           0.441     5.523    Q_OBUF[3]_inst_i_7_n_0
    SLICE_X2Y20          LUT6 (Prop_lut6_I1_O)        0.127     5.650 r  Q_OBUF[3]_inst_i_3/O
                         net (fo=2, routed)           0.436     6.086    Q_OBUF[3]_inst_i_3_n_0
    SLICE_X2Y19          LUT6 (Prop_lut6_I0_O)        0.043     6.129 f  Q_OBUF[3]_inst_i_2/O
                         net (fo=6, routed)           0.853     6.982    Q_OBUF[3]
    SLICE_X0Y19          LUT3 (Prop_lut3_I1_O)        0.043     7.025 f  Q_OBUF[2]_inst_i_4/O
                         net (fo=2, routed)           0.611     7.636    Q_OBUF[2]_inst_i_4_n_0
    SLICE_X1Y18          LUT6 (Prop_lut6_I2_O)        0.043     7.679 r  Q_OBUF[2]_inst_i_2/O
                         net (fo=8, routed)           0.425     8.104    Q_OBUF[2]
    SLICE_X0Y17          LUT5 (Prop_lut5_I3_O)        0.053     8.157 f  R_OBUF[4]_inst_i_4/O
                         net (fo=3, routed)           0.426     8.582    R_OBUF[4]_inst_i_4_n_0
    SLICE_X2Y17          LUT5 (Prop_lut5_I2_O)        0.137     8.719 r  R_OBUF[6]_inst_i_5/O
                         net (fo=3, routed)           0.170     8.889    R_OBUF[6]_inst_i_5_n_0
    SLICE_X2Y16          LUT5 (Prop_lut5_I1_O)        0.127     9.016 r  Q_OBUF[1]_inst_i_3/O
                         net (fo=4, routed)           0.497     9.513    Q_OBUF[1]_inst_i_3_n_0
    SLICE_X0Y17          LUT6 (Prop_lut6_I4_O)        0.043     9.556 f  R_OBUF[2]_inst_i_2/O
                         net (fo=2, routed)           0.334     9.890    R_OBUF[2]_inst_i_2_n_0
    SLICE_X0Y18          LUT6 (Prop_lut6_I5_O)        0.043     9.933 f  R_OBUF[3]_inst_i_2/O
                         net (fo=3, routed)           0.508    10.441    R_OBUF[3]_inst_i_2_n_0
    SLICE_X1Y17          LUT5 (Prop_lut5_I0_O)        0.051    10.492 f  R_OBUF[5]_inst_i_3/O
                         net (fo=3, routed)           0.391    10.883    R_OBUF[5]_inst_i_3_n_0
    SLICE_X1Y16          LUT5 (Prop_lut5_I2_O)        0.139    11.022 r  Q_OBUF[0]_inst_i_2/O
                         net (fo=8, routed)           0.471    11.493    Q_OBUF[0]_inst_i_2_n_0
    SLICE_X0Y16          LUT5 (Prop_lut5_I1_O)        0.131    11.624 r  R_OBUF[0]_inst_i_1/O
                         net (fo=1, routed)           1.148    12.772    R_OBUF[0]
    W16                  OBUF (Prop_obuf_I_O)         2.212    14.983 r  R_OBUF[0]_inst/O
                         net (fo=0)                   0.000    14.983    R[0]
    W16                                                               r  R[0] (OUT)
  -------------------------------------------------------------------    -------------------

Slack:                    inf
  Source:                 SC[2]
                            (input port)
  Destination:            R[2]
                            (output port)
  Path Group:             (none)
  Path Type:              Max at Slow Process Corner
  Data Path Delay:        14.849ns  (logic 4.270ns (28.754%)  route 10.580ns (71.246%))
  Logic Levels:           20  (IBUF=1 LUT2=1 LUT3=2 LUT5=6 LUT6=9 OBUF=1)

    Location             Delay type                Incr(ns)  Path(ns)    Netlist Resource(s)
  -------------------------------------------------------------------    -------------------
    V19                                               0.000     0.000 r  SC[2] (IN)
                         net (fo=0)                   0.000     0.000    SC[2]
    V19                  IBUF (Prop_ibuf_I_O)         0.746     0.746 r  SC_IBUF[2]_inst/O
                         net (fo=19, routed)          1.603     2.349    SC_IBUF[2]
    SLICE_X2Y17          LUT2 (Prop_lut2_I1_O)        0.043     2.392 r  Q_OBUF[6]_inst_i_2/O
                         net (fo=3, routed)           0.326     2.718    Q_OBUF[6]_inst_i_2_n_0
    SLICE_X0Y20          LUT6 (Prop_lut6_I1_O)        0.043     2.761 r  Q_OBUF[5]_inst_i_6/O
                         net (fo=2, routed)           0.336     3.097    Q_OBUF[5]_inst_i_6_n_0
    SLICE_X1Y20          LUT6 (Prop_lut6_I5_O)        0.043     3.140 r  Q_OBUF[5]_inst_i_2/O
                         net (fo=5, routed)           0.611     3.751    Q_OBUF[5]
    SLICE_X2Y21          LUT5 (Prop_lut5_I1_O)        0.043     3.794 f  Q_OBUF[4]_inst_i_5/O
                         net (fo=3, routed)           0.507     4.300    Q_OBUF[4]_inst_i_5_n_0
    SLICE_X2Y19          LUT6 (Prop_lut6_I4_O)        0.127     4.427 r  Q_OBUF[4]_inst_i_2/O
                         net (fo=5, routed)           0.611     5.038    Q_OBUF[4]
    SLICE_X2Y20          LUT3 (Prop_lut3_I0_O)        0.043     5.081 r  Q_OBUF[3]_inst_i_7/O
                         net (fo=6, routed)           0.441     5.523    Q_OBUF[3]_inst_i_7_n_0
    SLICE_X2Y20          LUT6 (Prop_lut6_I1_O)        0.127     5.650 r  Q_OBUF[3]_inst_i_3/O
                         net (fo=2, routed)           0.436     6.086    Q_OBUF[3]_inst_i_3_n_0
    SLICE_X2Y19          LUT6 (Prop_lut6_I0_O)        0.043     6.129 f  Q_OBUF[3]_inst_i_2/O
                         net (fo=6, routed)           0.853     6.982    Q_OBUF[3]
    SLICE_X0Y19          LUT3 (Prop_lut3_I1_O)        0.043     7.025 f  Q_OBUF[2]_inst_i_4/O
                         net (fo=2, routed)           0.611     7.636    Q_OBUF[2]_inst_i_4_n_0
    SLICE_X1Y18          LUT6 (Prop_lut6_I2_O)        0.043     7.679 r  Q_OBUF[2]_inst_i_2/O
                         net (fo=8, routed)           0.425     8.104    Q_OBUF[2]
    SLICE_X0Y17          LUT5 (Prop_lut5_I3_O)        0.053     8.157 f  R_OBUF[4]_inst_i_4/O
                         net (fo=3, routed)           0.426     8.582    R_OBUF[4]_inst_i_4_n_0
    SLICE_X2Y17          LUT5 (Prop_lut5_I2_O)        0.137     8.719 r  R_OBUF[6]_inst_i_5/O
                         net (fo=3, routed)           0.170     8.889    R_OBUF[6]_inst_i_5_n_0
    SLICE_X2Y16          LUT5 (Prop_lut5_I1_O)        0.127     9.016 r  Q_OBUF[1]_inst_i_3/O
                         net (fo=4, routed)           0.497     9.513    Q_OBUF[1]_inst_i_3_n_0
    SLICE_X0Y17          LUT6 (Prop_lut6_I4_O)        0.043     9.556 f  R_OBUF[2]_inst_i_2/O
                         net (fo=2, routed)           0.334     9.890    R_OBUF[2]_inst_i_2_n_0
    SLICE_X0Y18          LUT6 (Prop_lut6_I5_O)        0.043     9.933 f  R_OBUF[3]_inst_i_2/O
                         net (fo=3, routed)           0.508    10.441    R_OBUF[3]_inst_i_2_n_0
    SLICE_X1Y17          LUT5 (Prop_lut5_I0_O)        0.051    10.492 f  R_OBUF[5]_inst_i_3/O
                         net (fo=3, routed)           0.391    10.883    R_OBUF[5]_inst_i_3_n_0
    SLICE_X1Y16          LUT5 (Prop_lut5_I2_O)        0.139    11.022 r  Q_OBUF[0]_inst_i_2/O
                         net (fo=8, routed)           0.369    11.391    Q_OBUF[0]_inst_i_2_n_0
    SLICE_X0Y17          LUT6 (Prop_lut6_I1_O)        0.131    11.522 r  R_OBUF[2]_inst_i_1/O
                         net (fo=1, routed)           1.126    12.648    R_OBUF[2]
    R16                  OBUF (Prop_obuf_I_O)         2.202    14.849 r  R_OBUF[2]_inst/O
                         net (fo=0)                   0.000    14.849    R[2]
    R16                                                               r  R[2] (OUT)
  -------------------------------------------------------------------    -------------------

Slack:                    inf
  Source:                 SC[2]
                            (input port)
  Destination:            R[1]
                            (output port)
  Path Group:             (none)
  Path Type:              Max at Slow Process Corner
  Data Path Delay:        14.834ns  (logic 4.266ns (28.759%)  route 10.568ns (71.241%))
  Logic Levels:           20  (IBUF=1 LUT2=1 LUT3=2 LUT5=6 LUT6=9 OBUF=1)

    Location             Delay type                Incr(ns)  Path(ns)    Netlist Resource(s)
  -------------------------------------------------------------------    -------------------
    V19                                               0.000     0.000 r  SC[2] (IN)
                         net (fo=0)                   0.000     0.000    SC[2]
    V19                  IBUF (Prop_ibuf_I_O)         0.746     0.746 r  SC_IBUF[2]_inst/O
                         net (fo=19, routed)          1.603     2.349    SC_IBUF[2]
    SLICE_X2Y17          LUT2 (Prop_lut2_I1_O)        0.043     2.392 r  Q_OBUF[6]_inst_i_2/O
                         net (fo=3, routed)           0.326     2.718    Q_OBUF[6]_inst_i_2_n_0
    SLICE_X0Y20          LUT6 (Prop_lut6_I1_O)        0.043     2.761 r  Q_OBUF[5]_inst_i_6/O
                         net (fo=2, routed)           0.336     3.097    Q_OBUF[5]_inst_i_6_n_0
    SLICE_X1Y20          LUT6 (Prop_lut6_I5_O)        0.043     3.140 r  Q_OBUF[5]_inst_i_2/O
                         net (fo=5, routed)           0.611     3.751    Q_OBUF[5]
    SLICE_X2Y21          LUT5 (Prop_lut5_I1_O)        0.043     3.794 f  Q_OBUF[4]_inst_i_5/O
                         net (fo=3, routed)           0.507     4.300    Q_OBUF[4]_inst_i_5_n_0
    SLICE_X2Y19          LUT6 (Prop_lut6_I4_O)        0.127     4.427 r  Q_OBUF[4]_inst_i_2/O
                         net (fo=5, routed)           0.611     5.038    Q_OBUF[4]
    SLICE_X2Y20          LUT3 (Prop_lut3_I0_O)        0.043     5.081 r  Q_OBUF[3]_inst_i_7/O
                         net (fo=6, routed)           0.441     5.523    Q_OBUF[3]_inst_i_7_n_0
    SLICE_X2Y20          LUT6 (Prop_lut6_I1_O)        0.127     5.650 r  Q_OBUF[3]_inst_i_3/O
                         net (fo=2, routed)           0.436     6.086    Q_OBUF[3]_inst_i_3_n_0
    SLICE_X2Y19          LUT6 (Prop_lut6_I0_O)        0.043     6.129 f  Q_OBUF[3]_inst_i_2/O
                         net (fo=6, routed)           0.853     6.982    Q_OBUF[3]
    SLICE_X0Y19          LUT3 (Prop_lut3_I1_O)        0.043     7.025 f  Q_OBUF[2]_inst_i_4/O
                         net (fo=2, routed)           0.611     7.636    Q_OBUF[2]_inst_i_4_n_0
    SLICE_X1Y18          LUT6 (Prop_lut6_I2_O)        0.043     7.679 r  Q_OBUF[2]_inst_i_2/O
                         net (fo=8, routed)           0.425     8.104    Q_OBUF[2]
    SLICE_X0Y17          LUT5 (Prop_lut5_I3_O)        0.053     8.157 f  R_OBUF[4]_inst_i_4/O
                         net (fo=3, routed)           0.426     8.582    R_OBUF[4]_inst_i_4_n_0
    SLICE_X2Y17          LUT5 (Prop_lut5_I2_O)        0.137     8.719 r  R_OBUF[6]_inst_i_5/O
                         net (fo=3, routed)           0.170     8.889    R_OBUF[6]_inst_i_5_n_0
    SLICE_X2Y16          LUT5 (Prop_lut5_I1_O)        0.127     9.016 r  Q_OBUF[1]_inst_i_3/O
                         net (fo=4, routed)           0.497     9.513    Q_OBUF[1]_inst_i_3_n_0
    SLICE_X0Y17          LUT6 (Prop_lut6_I4_O)        0.043     9.556 f  R_OBUF[2]_inst_i_2/O
                         net (fo=2, routed)           0.334     9.890    R_OBUF[2]_inst_i_2_n_0
    SLICE_X0Y18          LUT6 (Prop_lut6_I5_O)        0.043     9.933 f  R_OBUF[3]_inst_i_2/O
                         net (fo=3, routed)           0.508    10.441    R_OBUF[3]_inst_i_2_n_0
    SLICE_X1Y17          LUT5 (Prop_lut5_I0_O)        0.051    10.492 f  R_OBUF[5]_inst_i_3/O
                         net (fo=3, routed)           0.391    10.883    R_OBUF[5]_inst_i_3_n_0
    SLICE_X1Y16          LUT5 (Prop_lut5_I2_O)        0.139    11.022 r  Q_OBUF[0]_inst_i_2/O
                         net (fo=8, routed)           0.291    11.312    Q_OBUF[0]_inst_i_2_n_0
    SLICE_X0Y18          LUT6 (Prop_lut6_I1_O)        0.131    11.443 r  R_OBUF[1]_inst_i_1/O
                         net (fo=1, routed)           1.193    12.636    R_OBUF[1]
    T16                  OBUF (Prop_obuf_I_O)         2.198    14.834 r  R_OBUF[1]_inst/O
                         net (fo=0)                   0.000    14.834    R[1]
    T16                                                               r  R[1] (OUT)
  -------------------------------------------------------------------    -------------------

Slack:                    inf
  Source:                 SC[2]
                            (input port)
  Destination:            R[3]
                            (output port)
  Path Group:             (none)
  Path Type:              Max at Slow Process Corner
  Data Path Delay:        14.768ns  (logic 4.273ns (28.937%)  route 10.495ns (71.063%))
  Logic Levels:           20  (IBUF=1 LUT2=1 LUT3=2 LUT5=6 LUT6=9 OBUF=1)

    Location             Delay type                Incr(ns)  Path(ns)    Netlist Resource(s)
  -------------------------------------------------------------------    -------------------
    V19                                               0.000     0.000 r  SC[2] (IN)
                         net (fo=0)                   0.000     0.000    SC[2]
    V19                  IBUF (Prop_ibuf_I_O)         0.746     0.746 r  SC_IBUF[2]_inst/O
                         net (fo=19, routed)          1.603     2.349    SC_IBUF[2]
    SLICE_X2Y17          LUT2 (Prop_lut2_I1_O)        0.043     2.392 r  Q_OBUF[6]_inst_i_2/O
                         net (fo=3, routed)           0.326     2.718    Q_OBUF[6]_inst_i_2_n_0
    SLICE_X0Y20          LUT6 (Prop_lut6_I1_O)        0.043     2.761 r  Q_OBUF[5]_inst_i_6/O
                         net (fo=2, routed)           0.336     3.097    Q_OBUF[5]_inst_i_6_n_0
    SLICE_X1Y20          LUT6 (Prop_lut6_I5_O)        0.043     3.140 r  Q_OBUF[5]_inst_i_2/O
                         net (fo=5, routed)           0.611     3.751    Q_OBUF[5]
    SLICE_X2Y21          LUT5 (Prop_lut5_I1_O)        0.043     3.794 f  Q_OBUF[4]_inst_i_5/O
                         net (fo=3, routed)           0.507     4.300    Q_OBUF[4]_inst_i_5_n_0
    SLICE_X2Y19          LUT6 (Prop_lut6_I4_O)        0.127     4.427 r  Q_OBUF[4]_inst_i_2/O
                         net (fo=5, routed)           0.611     5.038    Q_OBUF[4]
    SLICE_X2Y20          LUT3 (Prop_lut3_I0_O)        0.043     5.081 r  Q_OBUF[3]_inst_i_7/O
                         net (fo=6, routed)           0.441     5.523    Q_OBUF[3]_inst_i_7_n_0
    SLICE_X2Y20          LUT6 (Prop_lut6_I1_O)        0.127     5.650 r  Q_OBUF[3]_inst_i_3/O
                         net (fo=2, routed)           0.436     6.086    Q_OBUF[3]_inst_i_3_n_0
    SLICE_X2Y19          LUT6 (Prop_lut6_I0_O)        0.043     6.129 f  Q_OBUF[3]_inst_i_2/O
                         net (fo=6, routed)           0.853     6.982    Q_OBUF[3]
    SLICE_X0Y19          LUT3 (Prop_lut3_I1_O)        0.043     7.025 f  Q_OBUF[2]_inst_i_4/O
                         net (fo=2, routed)           0.611     7.636    Q_OBUF[2]_inst_i_4_n_0
    SLICE_X1Y18          LUT6 (Prop_lut6_I2_O)        0.043     7.679 r  Q_OBUF[2]_inst_i_2/O
                         net (fo=8, routed)           0.425     8.104    Q_OBUF[2]
    SLICE_X0Y17          LUT5 (Prop_lut5_I3_O)        0.053     8.157 f  R_OBUF[4]_inst_i_4/O
                         net (fo=3, routed)           0.426     8.582    R_OBUF[4]_inst_i_4_n_0
    SLICE_X2Y17          LUT5 (Prop_lut5_I2_O)        0.137     8.719 r  R_OBUF[6]_inst_i_5/O
                         net (fo=3, routed)           0.170     8.889    R_OBUF[6]_inst_i_5_n_0
    SLICE_X2Y16          LUT5 (Prop_lut5_I1_O)        0.127     9.016 r  Q_OBUF[1]_inst_i_3/O
                         net (fo=4, routed)           0.497     9.513    Q_OBUF[1]_inst_i_3_n_0
    SLICE_X0Y17          LUT6 (Prop_lut6_I4_O)        0.043     9.556 f  R_OBUF[2]_inst_i_2/O
                         net (fo=2, routed)           0.334     9.890    R_OBUF[2]_inst_i_2_n_0
    SLICE_X0Y18          LUT6 (Prop_lut6_I5_O)        0.043     9.933 f  R_OBUF[3]_inst_i_2/O
                         net (fo=3, routed)           0.508    10.441    R_OBUF[3]_inst_i_2_n_0
    SLICE_X1Y17          LUT5 (Prop_lut5_I0_O)        0.051    10.492 f  R_OBUF[5]_inst_i_3/O
                         net (fo=3, routed)           0.391    10.883    R_OBUF[5]_inst_i_3_n_0
    SLICE_X1Y16          LUT5 (Prop_lut5_I2_O)        0.139    11.022 r  Q_OBUF[0]_inst_i_2/O
                         net (fo=8, routed)           0.349    11.371    Q_OBUF[0]_inst_i_2_n_0
    SLICE_X1Y17          LUT6 (Prop_lut6_I1_O)        0.131    11.502 r  R_OBUF[3]_inst_i_1/O
                         net (fo=1, routed)           1.061    12.563    R_OBUF[3]
    V17                  OBUF (Prop_obuf_I_O)         2.205    14.768 r  R_OBUF[3]_inst/O
                         net (fo=0)                   0.000    14.768    R[3]
    V17                                                               r  R[3] (OUT)
  -------------------------------------------------------------------    -------------------

Slack:                    inf
  Source:                 SC[2]
                            (input port)
  Destination:            R[4]
                            (output port)
  Path Group:             (none)
  Path Type:              Max at Slow Process Corner
  Data Path Delay:        14.749ns  (logic 4.267ns (28.927%)  route 10.483ns (71.073%))
  Logic Levels:           20  (IBUF=1 LUT2=1 LUT3=2 LUT5=6 LUT6=9 OBUF=1)

    Location             Delay type                Incr(ns)  Path(ns)    Netlist Resource(s)
  -------------------------------------------------------------------    -------------------
    V19                                               0.000     0.000 r  SC[2] (IN)
                         net (fo=0)                   0.000     0.000    SC[2]
    V19                  IBUF (Prop_ibuf_I_O)         0.746     0.746 r  SC_IBUF[2]_inst/O
                         net (fo=19, routed)          1.603     2.349    SC_IBUF[2]
    SLICE_X2Y17          LUT2 (Prop_lut2_I1_O)        0.043     2.392 r  Q_OBUF[6]_inst_i_2/O
                         net (fo=3, routed)           0.326     2.718    Q_OBUF[6]_inst_i_2_n_0
    SLICE_X0Y20          LUT6 (Prop_lut6_I1_O)        0.043     2.761 r  Q_OBUF[5]_inst_i_6/O
                         net (fo=2, routed)           0.336     3.097    Q_OBUF[5]_inst_i_6_n_0
    SLICE_X1Y20          LUT6 (Prop_lut6_I5_O)        0.043     3.140 r  Q_OBUF[5]_inst_i_2/O
                         net (fo=5, routed)           0.611     3.751    Q_OBUF[5]
    SLICE_X2Y21          LUT5 (Prop_lut5_I1_O)        0.043     3.794 f  Q_OBUF[4]_inst_i_5/O
                         net (fo=3, routed)           0.507     4.300    Q_OBUF[4]_inst_i_5_n_0
    SLICE_X2Y19          LUT6 (Prop_lut6_I4_O)        0.127     4.427 r  Q_OBUF[4]_inst_i_2/O
                         net (fo=5, routed)           0.611     5.038    Q_OBUF[4]
    SLICE_X2Y20          LUT3 (Prop_lut3_I0_O)        0.043     5.081 r  Q_OBUF[3]_inst_i_7/O
                         net (fo=6, routed)           0.441     5.523    Q_OBUF[3]_inst_i_7_n_0
    SLICE_X2Y20          LUT6 (Prop_lut6_I1_O)        0.127     5.650 r  Q_OBUF[3]_inst_i_3/O
                         net (fo=2, routed)           0.436     6.086    Q_OBUF[3]_inst_i_3_n_0
    SLICE_X2Y19          LUT6 (Prop_lut6_I0_O)        0.043     6.129 f  Q_OBUF[3]_inst_i_2/O
                         net (fo=6, routed)           0.853     6.982    Q_OBUF[3]
    SLICE_X0Y19          LUT3 (Prop_lut3_I1_O)        0.043     7.025 f  Q_OBUF[2]_inst_i_4/O
                         net (fo=2, routed)           0.611     7.636    Q_OBUF[2]_inst_i_4_n_0
    SLICE_X1Y18          LUT6 (Prop_lut6_I2_O)        0.043     7.679 r  Q_OBUF[2]_inst_i_2/O
                         net (fo=8, routed)           0.425     8.104    Q_OBUF[2]
    SLICE_X0Y17          LUT5 (Prop_lut5_I3_O)        0.053     8.157 f  R_OBUF[4]_inst_i_4/O
                         net (fo=3, routed)           0.426     8.582    R_OBUF[4]_inst_i_4_n_0
    SLICE_X2Y17          LUT5 (Prop_lut5_I2_O)        0.137     8.719 r  R_OBUF[6]_inst_i_5/O
                         net (fo=3, routed)           0.170     8.889    R_OBUF[6]_inst_i_5_n_0
    SLICE_X2Y16          LUT5 (Prop_lut5_I1_O)        0.127     9.016 r  Q_OBUF[1]_inst_i_3/O
                         net (fo=4, routed)           0.497     9.513    Q_OBUF[1]_inst_i_3_n_0
    SLICE_X0Y17          LUT6 (Prop_lut6_I4_O)        0.043     9.556 f  R_OBUF[2]_inst_i_2/O
                         net (fo=2, routed)           0.334     9.890    R_OBUF[2]_inst_i_2_n_0
    SLICE_X0Y18          LUT6 (Prop_lut6_I5_O)        0.043     9.933 f  R_OBUF[3]_inst_i_2/O
                         net (fo=3, routed)           0.508    10.441    R_OBUF[3]_inst_i_2_n_0
    SLICE_X1Y17          LUT5 (Prop_lut5_I0_O)        0.051    10.492 f  R_OBUF[5]_inst_i_3/O
                         net (fo=3, routed)           0.391    10.883    R_OBUF[5]_inst_i_3_n_0
    SLICE_X1Y16          LUT5 (Prop_lut5_I2_O)        0.139    11.022 r  Q_OBUF[0]_inst_i_2/O
                         net (fo=8, routed)           0.286    11.308    Q_OBUF[0]_inst_i_2_n_0
    SLICE_X0Y16          LUT6 (Prop_lut6_I1_O)        0.131    11.439 r  R_OBUF[4]_inst_i_1/O
                         net (fo=1, routed)           1.112    12.551    R_OBUF[4]
    U16                  OBUF (Prop_obuf_I_O)         2.198    14.749 r  R_OBUF[4]_inst/O
                         net (fo=0)                   0.000    14.749    R[4]
    U16                                                               r  R[4] (OUT)
  -------------------------------------------------------------------    -------------------

Slack:                    inf
  Source:                 SC[2]
                            (input port)
  Destination:            R[7]
                            (output port)
  Path Group:             (none)
  Path Type:              Max at Slow Process Corner
  Data Path Delay:        14.745ns  (logic 4.310ns (29.228%)  route 10.435ns (70.772%))
  Logic Levels:           20  (IBUF=1 LUT2=1 LUT3=3 LUT5=6 LUT6=8 OBUF=1)

    Location             Delay type                Incr(ns)  Path(ns)    Netlist Resource(s)
  -------------------------------------------------------------------    -------------------
    V19                                               0.000     0.000 r  SC[2] (IN)
                         net (fo=0)                   0.000     0.000    SC[2]
    V19                  IBUF (Prop_ibuf_I_O)         0.746     0.746 r  SC_IBUF[2]_inst/O
                         net (fo=19, routed)          1.603     2.349    SC_IBUF[2]
    SLICE_X2Y17          LUT2 (Prop_lut2_I1_O)        0.043     2.392 r  Q_OBUF[6]_inst_i_2/O
                         net (fo=3, routed)           0.326     2.718    Q_OBUF[6]_inst_i_2_n_0
    SLICE_X0Y20          LUT6 (Prop_lut6_I1_O)        0.043     2.761 r  Q_OBUF[5]_inst_i_6/O
                         net (fo=2, routed)           0.336     3.097    Q_OBUF[5]_inst_i_6_n_0
    SLICE_X1Y20          LUT6 (Prop_lut6_I5_O)        0.043     3.140 r  Q_OBUF[5]_inst_i_2/O
                         net (fo=5, routed)           0.611     3.751    Q_OBUF[5]
    SLICE_X2Y21          LUT5 (Prop_lut5_I1_O)        0.043     3.794 f  Q_OBUF[4]_inst_i_5/O
                         net (fo=3, routed)           0.507     4.300    Q_OBUF[4]_inst_i_5_n_0
    SLICE_X2Y19          LUT6 (Prop_lut6_I4_O)        0.127     4.427 r  Q_OBUF[4]_inst_i_2/O
                         net (fo=5, routed)           0.611     5.038    Q_OBUF[4]
    SLICE_X2Y20          LUT3 (Prop_lut3_I0_O)        0.043     5.081 r  Q_OBUF[3]_inst_i_7/O
                         net (fo=6, routed)           0.441     5.523    Q_OBUF[3]_inst_i_7_n_0
    SLICE_X2Y20          LUT6 (Prop_lut6_I1_O)        0.127     5.650 r  Q_OBUF[3]_inst_i_3/O
                         net (fo=2, routed)           0.436     6.086    Q_OBUF[3]_inst_i_3_n_0
    SLICE_X2Y19          LUT6 (Prop_lut6_I0_O)        0.043     6.129 f  Q_OBUF[3]_inst_i_2/O
                         net (fo=6, routed)           0.853     6.982    Q_OBUF[3]
    SLICE_X0Y19          LUT3 (Prop_lut3_I1_O)        0.043     7.025 f  Q_OBUF[2]_inst_i_4/O
                         net (fo=2, routed)           0.611     7.636    Q_OBUF[2]_inst_i_4_n_0
    SLICE_X1Y18          LUT6 (Prop_lut6_I2_O)        0.043     7.679 r  Q_OBUF[2]_inst_i_2/O
                         net (fo=8, routed)           0.425     8.104    Q_OBUF[2]
    SLICE_X0Y17          LUT5 (Prop_lut5_I3_O)        0.053     8.157 f  R_OBUF[4]_inst_i_4/O
                         net (fo=3, routed)           0.426     8.582    R_OBUF[4]_inst_i_4_n_0
    SLICE_X2Y17          LUT5 (Prop_lut5_I2_O)        0.137     8.719 r  R_OBUF[6]_inst_i_5/O
                         net (fo=3, routed)           0.170     8.889    R_OBUF[6]_inst_i_5_n_0
    SLICE_X2Y16          LUT5 (Prop_lut5_I1_O)        0.127     9.016 r  Q_OBUF[1]_inst_i_3/O
                         net (fo=4, routed)           0.497     9.513    Q_OBUF[1]_inst_i_3_n_0
    SLICE_X0Y17          LUT6 (Prop_lut6_I4_O)        0.043     9.556 f  R_OBUF[2]_inst_i_2/O
                         net (fo=2, routed)           0.334     9.890    R_OBUF[2]_inst_i_2_n_0
    SLICE_X0Y18          LUT6 (Prop_lut6_I5_O)        0.043     9.933 f  R_OBUF[3]_inst_i_2/O
                         net (fo=3, routed)           0.508    10.441    R_OBUF[3]_inst_i_2_n_0
    SLICE_X1Y17          LUT5 (Prop_lut5_I0_O)        0.051    10.492 f  R_OBUF[5]_inst_i_3/O
                         net (fo=3, routed)           0.391    10.883    R_OBUF[5]_inst_i_3_n_0
    SLICE_X1Y16          LUT5 (Prop_lut5_I2_O)        0.139    11.022 r  Q_OBUF[0]_inst_i_2/O
                         net (fo=8, routed)           0.285    11.307    Q_OBUF[0]_inst_i_2_n_0
    SLICE_X0Y16          LUT3 (Prop_lut3_I1_O)        0.131    11.438 r  R_OBUF[7]_inst_i_1/O
                         net (fo=1, routed)           1.065    12.503    R_OBUF[7]
    AB17                 OBUF (Prop_obuf_I_O)         2.241    14.745 r  R_OBUF[7]_inst/O
                         net (fo=0)                   0.000    14.745    R[7]
    AB17                                                              r  R[7] (OUT)
  -------------------------------------------------------------------    -------------------

Slack:                    inf
  Source:                 SC[2]
                            (input port)
  Destination:            R[5]
                            (output port)
  Path Group:             (none)
  Path Type:              Max at Slow Process Corner
  Data Path Delay:        14.687ns  (logic 4.305ns (29.313%)  route 10.382ns (70.687%))
  Logic Levels:           20  (IBUF=1 LUT2=1 LUT3=2 LUT5=6 LUT6=9 OBUF=1)

    Location             Delay type                Incr(ns)  Path(ns)    Netlist Resource(s)
  -------------------------------------------------------------------    -------------------
    V19                                               0.000     0.000 r  SC[2] (IN)
                         net (fo=0)                   0.000     0.000    SC[2]
    V19                  IBUF (Prop_ibuf_I_O)         0.746     0.746 r  SC_IBUF[2]_inst/O
                         net (fo=19, routed)          1.603     2.349    SC_IBUF[2]
    SLICE_X2Y17          LUT2 (Prop_lut2_I1_O)        0.043     2.392 r  Q_OBUF[6]_inst_i_2/O
                         net (fo=3, routed)           0.326     2.718    Q_OBUF[6]_inst_i_2_n_0
    SLICE_X0Y20          LUT6 (Prop_lut6_I1_O)        0.043     2.761 r  Q_OBUF[5]_inst_i_6/O
                         net (fo=2, routed)           0.336     3.097    Q_OBUF[5]_inst_i_6_n_0
    SLICE_X1Y20          LUT6 (Prop_lut6_I5_O)        0.043     3.140 r  Q_OBUF[5]_inst_i_2/O
                         net (fo=5, routed)           0.611     3.751    Q_OBUF[5]
    SLICE_X2Y21          LUT5 (Prop_lut5_I1_O)        0.043     3.794 f  Q_OBUF[4]_inst_i_5/O
                         net (fo=3, routed)           0.507     4.300    Q_OBUF[4]_inst_i_5_n_0
    SLICE_X2Y19          LUT6 (Prop_lut6_I4_O)        0.127     4.427 r  Q_OBUF[4]_inst_i_2/O
                         net (fo=5, routed)           0.611     5.038    Q_OBUF[4]
    SLICE_X2Y20          LUT3 (Prop_lut3_I0_O)        0.043     5.081 r  Q_OBUF[3]_inst_i_7/O
                         net (fo=6, routed)           0.441     5.523    Q_OBUF[3]_inst_i_7_n_0
    SLICE_X2Y20          LUT6 (Prop_lut6_I1_O)        0.127     5.650 r  Q_OBUF[3]_inst_i_3/O
                         net (fo=2, routed)           0.436     6.086    Q_OBUF[3]_inst_i_3_n_0
    SLICE_X2Y19          LUT6 (Prop_lut6_I0_O)        0.043     6.129 f  Q_OBUF[3]_inst_i_2/O
                         net (fo=6, routed)           0.853     6.982    Q_OBUF[3]
    SLICE_X0Y19          LUT3 (Prop_lut3_I1_O)        0.043     7.025 f  Q_OBUF[2]_inst_i_4/O
                         net (fo=2, routed)           0.611     7.636    Q_OBUF[2]_inst_i_4_n_0
    SLICE_X1Y18          LUT6 (Prop_lut6_I2_O)        0.043     7.679 r  Q_OBUF[2]_inst_i_2/O
                         net (fo=8, routed)           0.425     8.104    Q_OBUF[2]
    SLICE_X0Y17          LUT5 (Prop_lut5_I3_O)        0.053     8.157 f  R_OBUF[4]_inst_i_4/O
                         net (fo=3, routed)           0.426     8.582    R_OBUF[4]_inst_i_4_n_0
    SLICE_X2Y17          LUT5 (Prop_lut5_I2_O)        0.137     8.719 r  R_OBUF[6]_inst_i_5/O
                         net (fo=3, routed)           0.170     8.889    R_OBUF[6]_inst_i_5_n_0
    SLICE_X2Y16          LUT5 (Prop_lut5_I1_O)        0.127     9.016 r  Q_OBUF[1]_inst_i_3/O
                         net (fo=4, routed)           0.497     9.513    Q_OBUF[1]_inst_i_3_n_0
    SLICE_X0Y17          LUT6 (Prop_lut6_I4_O)        0.043     9.556 f  R_OBUF[2]_inst_i_2/O
                         net (fo=2, routed)           0.334     9.890    R_OBUF[2]_inst_i_2_n_0
    SLICE_X0Y18          LUT6 (Prop_lut6_I5_O)        0.043     9.933 f  R_OBUF[3]_inst_i_2/O
                         net (fo=3, routed)           0.508    10.441    R_OBUF[3]_inst_i_2_n_0
    SLICE_X1Y17          LUT5 (Prop_lut5_I0_O)        0.051    10.492 f  R_OBUF[5]_inst_i_3/O
                         net (fo=3, routed)           0.391    10.883    R_OBUF[5]_inst_i_3_n_0
    SLICE_X1Y16          LUT5 (Prop_lut5_I2_O)        0.139    11.022 r  Q_OBUF[0]_inst_i_2/O
                         net (fo=8, routed)           0.173    11.195    Q_OBUF[0]_inst_i_2_n_0
    SLICE_X1Y16          LUT6 (Prop_lut6_I1_O)        0.131    11.326 r  R_OBUF[5]_inst_i_1/O
                         net (fo=1, routed)           1.124    12.450    R_OBUF[5]
    AA15                 OBUF (Prop_obuf_I_O)         2.237    14.687 r  R_OBUF[5]_inst/O
                         net (fo=0)                   0.000    14.687    R[5]
    AA15                                                              r  R[5] (OUT)
  -------------------------------------------------------------------    -------------------

Slack:                    inf
  Source:                 SC[2]
                            (input port)
  Destination:            R[6]
                            (output port)
  Path Group:             (none)
  Path Type:              Max at Slow Process Corner
  Data Path Delay:        14.525ns  (logic 4.219ns (29.050%)  route 10.305ns (70.950%))
  Logic Levels:           20  (IBUF=1 LUT2=1 LUT3=3 LUT5=6 LUT6=8 OBUF=1)

    Location             Delay type                Incr(ns)  Path(ns)    Netlist Resource(s)
  -------------------------------------------------------------------    -------------------
    V19                                               0.000     0.000 r  SC[2] (IN)
                         net (fo=0)                   0.000     0.000    SC[2]
    V19                  IBUF (Prop_ibuf_I_O)         0.746     0.746 r  SC_IBUF[2]_inst/O
                         net (fo=19, routed)          1.603     2.349    SC_IBUF[2]
    SLICE_X2Y17          LUT2 (Prop_lut2_I1_O)        0.043     2.392 r  Q_OBUF[6]_inst_i_2/O
                         net (fo=3, routed)           0.326     2.718    Q_OBUF[6]_inst_i_2_n_0
    SLICE_X0Y20          LUT6 (Prop_lut6_I1_O)        0.043     2.761 r  Q_OBUF[5]_inst_i_6/O
                         net (fo=2, routed)           0.336     3.097    Q_OBUF[5]_inst_i_6_n_0
    SLICE_X1Y20          LUT6 (Prop_lut6_I5_O)        0.043     3.140 r  Q_OBUF[5]_inst_i_2/O
                         net (fo=5, routed)           0.611     3.751    Q_OBUF[5]
    SLICE_X2Y21          LUT5 (Prop_lut5_I1_O)        0.043     3.794 f  Q_OBUF[4]_inst_i_5/O
                         net (fo=3, routed)           0.507     4.300    Q_OBUF[4]_inst_i_5_n_0
    SLICE_X2Y19          LUT6 (Prop_lut6_I4_O)        0.127     4.427 r  Q_OBUF[4]_inst_i_2/O
                         net (fo=5, routed)           0.611     5.038    Q_OBUF[4]
    SLICE_X2Y20          LUT3 (Prop_lut3_I0_O)        0.043     5.081 r  Q_OBUF[3]_inst_i_7/O
                         net (fo=6, routed)           0.441     5.523    Q_OBUF[3]_inst_i_7_n_0
    SLICE_X2Y20          LUT6 (Prop_lut6_I1_O)        0.127     5.650 r  Q_OBUF[3]_inst_i_3/O
                         net (fo=2, routed)           0.436     6.086    Q_OBUF[3]_inst_i_3_n_0
    SLICE_X2Y19          LUT6 (Prop_lut6_I0_O)        0.043     6.129 f  Q_OBUF[3]_inst_i_2/O
                         net (fo=6, routed)           0.853     6.982    Q_OBUF[3]
    SLICE_X0Y19          LUT3 (Prop_lut3_I1_O)        0.043     7.025 f  Q_OBUF[2]_inst_i_4/O
                         net (fo=2, routed)           0.611     7.636    Q_OBUF[2]_inst_i_4_n_0
    SLICE_X1Y18          LUT6 (Prop_lut6_I2_O)        0.043     7.679 r  Q_OBUF[2]_inst_i_2/O
                         net (fo=8, routed)           0.425     8.104    Q_OBUF[2]
    SLICE_X0Y17          LUT5 (Prop_lut5_I3_O)        0.053     8.157 f  R_OBUF[4]_inst_i_4/O
                         net (fo=3, routed)           0.426     8.582    R_OBUF[4]_inst_i_4_n_0
    SLICE_X2Y17          LUT5 (Prop_lut5_I2_O)        0.137     8.719 r  R_OBUF[6]_inst_i_5/O
                         net (fo=3, routed)           0.170     8.889    R_OBUF[6]_inst_i_5_n_0
    SLICE_X2Y16          LUT5 (Prop_lut5_I1_O)        0.127     9.016 r  Q_OBUF[1]_inst_i_3/O
                         net (fo=4, routed)           0.497     9.513    Q_OBUF[1]_inst_i_3_n_0
    SLICE_X0Y17          LUT6 (Prop_lut6_I4_O)        0.043     9.556 f  R_OBUF[2]_inst_i_2/O
                         net (fo=2, routed)           0.334     9.890    R_OBUF[2]_inst_i_2_n_0
    SLICE_X0Y18          LUT6 (Prop_lut6_I5_O)        0.043     9.933 f  R_OBUF[3]_inst_i_2/O
                         net (fo=3, routed)           0.508    10.441    R_OBUF[3]_inst_i_2_n_0
    SLICE_X1Y17          LUT5 (Prop_lut5_I0_O)        0.051    10.492 f  R_OBUF[5]_inst_i_3/O
                         net (fo=3, routed)           0.391    10.883    R_OBUF[5]_inst_i_3_n_0
    SLICE_X1Y16          LUT3 (Prop_lut3_I0_O)        0.129    11.012 r  R_OBUF[6]_inst_i_2/O
                         net (fo=1, routed)           0.217    11.229    R_OBUF[6]_inst_i_2_n_0
    SLICE_X1Y16          LUT5 (Prop_lut5_I1_O)        0.043    11.272 r  R_OBUF[6]_inst_i_1/O
                         net (fo=1, routed)           1.004    12.275    R_OBUF[6]
    AA14                 OBUF (Prop_obuf_I_O)         2.249    14.525 r  R_OBUF[6]_inst/O
                         net (fo=0)                   0.000    14.525    R[6]
    AA14                                                              r  R[6] (OUT)
  -------------------------------------------------------------------    -------------------

Slack:                    inf
  Source:                 SC[2]
                            (input port)
  Destination:            Q[1]
                            (output port)
  Path Group:             (none)
  Path Type:              Max at Slow Process Corner
  Data Path Delay:        12.888ns  (logic 3.902ns (30.279%)  route 8.986ns (69.721%))
  Logic Levels:           16  (IBUF=1 LUT2=1 LUT3=2 LUT4=1 LUT5=4 LUT6=6 OBUF=1)

    Location             Delay type                Incr(ns)  Path(ns)    Netlist Resource(s)
  -------------------------------------------------------------------    -------------------
    V19                                               0.000     0.000 r  SC[2] (IN)
                         net (fo=0)                   0.000     0.000    SC[2]
    V19                  IBUF (Prop_ibuf_I_O)         0.746     0.746 r  SC_IBUF[2]_inst/O
                         net (fo=19, routed)          1.603     2.349    SC_IBUF[2]
    SLICE_X2Y17          LUT2 (Prop_lut2_I1_O)        0.043     2.392 r  Q_OBUF[6]_inst_i_2/O
                         net (fo=3, routed)           0.326     2.718    Q_OBUF[6]_inst_i_2_n_0
    SLICE_X0Y20          LUT6 (Prop_lut6_I1_O)        0.043     2.761 r  Q_OBUF[5]_inst_i_6/O
                         net (fo=2, routed)           0.336     3.097    Q_OBUF[5]_inst_i_6_n_0
    SLICE_X1Y20          LUT6 (Prop_lut6_I5_O)        0.043     3.140 r  Q_OBUF[5]_inst_i_2/O
                         net (fo=5, routed)           0.611     3.751    Q_OBUF[5]
    SLICE_X2Y21          LUT5 (Prop_lut5_I1_O)        0.043     3.794 f  Q_OBUF[4]_inst_i_5/O
                         net (fo=3, routed)           0.507     4.300    Q_OBUF[4]_inst_i_5_n_0
    SLICE_X2Y19          LUT6 (Prop_lut6_I4_O)        0.127     4.427 r  Q_OBUF[4]_inst_i_2/O
                         net (fo=5, routed)           0.611     5.038    Q_OBUF[4]
    SLICE_X2Y20          LUT3 (Prop_lut3_I0_O)        0.043     5.081 r  Q_OBUF[3]_inst_i_7/O
                         net (fo=6, routed)           0.441     5.523    Q_OBUF[3]_inst_i_7_n_0
    SLICE_X2Y20          LUT6 (Prop_lut6_I1_O)        0.127     5.650 r  Q_OBUF[3]_inst_i_3/O
                         net (fo=2, routed)           0.436     6.086    Q_OBUF[3]_inst_i_3_n_0
    SLICE_X2Y19          LUT6 (Prop_lut6_I0_O)        0.043     6.129 f  Q_OBUF[3]_inst_i_2/O
                         net (fo=6, routed)           0.853     6.982    Q_OBUF[3]
    SLICE_X0Y19          LUT3 (Prop_lut3_I1_O)        0.043     7.025 f  Q_OBUF[2]_inst_i_4/O
                         net (fo=2, routed)           0.611     7.636    Q_OBUF[2]_inst_i_4_n_0
    SLICE_X1Y18          LUT6 (Prop_lut6_I2_O)        0.043     7.679 r  Q_OBUF[2]_inst_i_2/O
                         net (fo=8, routed)           0.425     8.104    Q_OBUF[2]
    SLICE_X0Y17          LUT5 (Prop_lut5_I3_O)        0.053     8.157 r  R_OBUF[4]_inst_i_4/O
                         net (fo=3, routed)           0.426     8.582    R_OBUF[4]_inst_i_4_n_0
    SLICE_X2Y17          LUT5 (Prop_lut5_I2_O)        0.137     8.719 f  R_OBUF[6]_inst_i_5/O
                         net (fo=3, routed)           0.170     8.889    R_OBUF[6]_inst_i_5_n_0
    SLICE_X2Y16          LUT5 (Prop_lut5_I1_O)        0.127     9.016 f  Q_OBUF[1]_inst_i_3/O
                         net (fo=4, routed)           0.302     9.318    Q_OBUF[1]_inst_i_3_n_0
    SLICE_X0Y16          LUT4 (Prop_lut4_I2_O)        0.043     9.361 r  Q_OBUF[1]_inst_i_2/O
                         net (fo=6, routed)           1.328    10.690    Q_OBUF[1]
    U15                  OBUF (Prop_obuf_I_O)         2.198    12.888 r  Q_OBUF[1]_inst/O
                         net (fo=0)                   0.000    12.888    Q[1]
    U15                                                               r  Q[1] (OUT)
  -------------------------------------------------------------------    -------------------





Min Delay Paths
--------------------------------------------------------------------------------------
Slack:                    inf
  Source:                 SBC[0]
                            (input port)
  Destination:            R[0]
                            (output port)
  Path Group:             (none)
  Path Type:              Min at Fast Process Corner
  Data Path Delay:        2.146ns  (logic 1.395ns (64.992%)  route 0.751ns (35.008%))
  Logic Levels:           3  (IBUF=1 LUT5=1 OBUF=1)

    Location             Delay type                Incr(ns)  Path(ns)    Netlist Resource(s)
  -------------------------------------------------------------------    -------------------
    AA16                                              0.000     0.000 r  SBC[0] (IN)
                         net (fo=0)                   0.000     0.000    SBC[0]
    AA16                 IBUF (Prop_ibuf_I_O)         0.098     0.098 r  SBC_IBUF[0]_inst/O
                         net (fo=4, routed)           0.351     0.449    SBC_IBUF[0]
    SLICE_X0Y16          LUT5 (Prop_lut5_I3_O)        0.028     0.477 r  R_OBUF[0]_inst_i_1/O
                         net (fo=1, routed)           0.400     0.877    R_OBUF[0]
    W16                  OBUF (Prop_obuf_I_O)         1.269     2.146 r  R_OBUF[0]_inst/O
                         net (fo=0)                   0.000     2.146    R[0]
    W16                                                               r  R[0] (OUT)
  -------------------------------------------------------------------    -------------------

Slack:                    inf
  Source:                 SBC[6]
                            (input port)
  Destination:            Q[6]
                            (output port)
  Path Group:             (none)
  Path Type:              Min at Fast Process Corner
  Data Path Delay:        2.262ns  (logic 1.427ns (63.067%)  route 0.835ns (36.933%))
  Logic Levels:           3  (IBUF=1 LUT6=1 OBUF=1)

    Location             Delay type                Incr(ns)  Path(ns)    Netlist Resource(s)
  -------------------------------------------------------------------    -------------------
    W17                                               0.000     0.000 r  SBC[6] (IN)
                         net (fo=0)                   0.000     0.000    SBC[6]
    W17                  IBUF (Prop_ibuf_I_O)         0.091     0.091 r  SBC_IBUF[6]_inst/O
                         net (fo=3, routed)           0.353     0.445    SBC_IBUF[6]
    SLICE_X0Y20          LUT6 (Prop_lut6_I3_O)        0.028     0.473 r  Q_OBUF[6]_inst_i_1/O
                         net (fo=1, routed)           0.482     0.955    Q_OBUF[6]
    W14                  OBUF (Prop_obuf_I_O)         1.307     2.262 r  Q_OBUF[6]_inst/O
                         net (fo=0)                   0.000     2.262    Q[6]
    W14                                                               r  Q[6] (OUT)
  -------------------------------------------------------------------    -------------------

Slack:                    inf
  Source:                 SBC[1]
                            (input port)
  Destination:            R[2]
                            (output port)
  Path Group:             (none)
  Path Type:              Min at Fast Process Corner
  Data Path Delay:        2.300ns  (logic 1.428ns (62.113%)  route 0.871ns (37.887%))
  Logic Levels:           4  (IBUF=1 LUT5=1 LUT6=1 OBUF=1)

    Location             Delay type                Incr(ns)  Path(ns)    Netlist Resource(s)
  -------------------------------------------------------------------    -------------------
    AB16                                              0.000     0.000 r  SBC[1] (IN)
                         net (fo=0)                   0.000     0.000    SBC[1]
    AB16                 IBUF (Prop_ibuf_I_O)         0.113     0.113 r  SBC_IBUF[1]_inst/O
                         net (fo=4, routed)           0.310     0.424    SBC_IBUF[1]
    SLICE_X0Y17          LUT5 (Prop_lut5_I2_O)        0.028     0.452 r  R_OBUF[2]_inst_i_3/O
                         net (fo=1, routed)           0.185     0.636    R_OBUF[2]_inst_i_3_n_0
    SLICE_X0Y17          LUT6 (Prop_lut6_I5_O)        0.028     0.664 r  R_OBUF[2]_inst_i_1/O
                         net (fo=1, routed)           0.376     1.041    R_OBUF[2]
    R16                  OBUF (Prop_obuf_I_O)         1.259     2.300 r  R_OBUF[2]_inst/O
                         net (fo=0)                   0.000     2.300    R[2]
    R16                                                               r  R[2] (OUT)
  -------------------------------------------------------------------    -------------------

Slack:                    inf
  Source:                 SBC[1]
                            (input port)
  Destination:            R[3]
                            (output port)
  Path Group:             (none)
  Path Type:              Min at Fast Process Corner
  Data Path Delay:        2.313ns  (logic 1.460ns (63.135%)  route 0.853ns (36.865%))
  Logic Levels:           5  (IBUF=1 LUT6=3 OBUF=1)

    Location             Delay type                Incr(ns)  Path(ns)    Netlist Resource(s)
  -------------------------------------------------------------------    -------------------
    AB16                                              0.000     0.000 r  SBC[1] (IN)
                         net (fo=0)                   0.000     0.000    SBC[1]
    AB16                 IBUF (Prop_ibuf_I_O)         0.113     0.113 r  SBC_IBUF[1]_inst/O
                         net (fo=4, routed)           0.348     0.461    SBC_IBUF[1]
    SLICE_X0Y18          LUT6 (Prop_lut6_I4_O)        0.028     0.489 f  R_OBUF[1]_inst_i_2/O
                         net (fo=2, routed)           0.060     0.549    R_OBUF[1]_inst_i_2_n_0
    SLICE_X0Y18          LUT6 (Prop_lut6_I2_O)        0.028     0.577 r  R_OBUF[3]_inst_i_2/O
                         net (fo=3, routed)           0.090     0.667    R_OBUF[3]_inst_i_2_n_0
    SLICE_X1Y17          LUT6 (Prop_lut6_I4_O)        0.028     0.695 r  R_OBUF[3]_inst_i_1/O
                         net (fo=1, routed)           0.355     1.050    R_OBUF[3]
    V17                  OBUF (Prop_obuf_I_O)         1.263     2.313 r  R_OBUF[3]_inst/O
                         net (fo=0)                   0.000     2.313    R[3]
    V17                                                               r  R[3] (OUT)
  -------------------------------------------------------------------    -------------------

Slack:                    inf
  Source:                 SC[1]
                            (input port)
  Destination:            Q[7]
                            (output port)
  Path Group:             (none)
  Path Type:              Min at Fast Process Corner
  Data Path Delay:        2.314ns  (logic 1.409ns (60.885%)  route 0.905ns (39.115%))
  Logic Levels:           3  (IBUF=1 LUT6=1 OBUF=1)

    Location             Delay type                Incr(ns)  Path(ns)    Netlist Resource(s)
  -------------------------------------------------------------------    -------------------
    W19                                               0.000     0.000 f  SC[1] (IN)
                         net (fo=0)                   0.000     0.000    SC[1]
    W19                  IBUF (Prop_ibuf_I_O)         0.108     0.108 f  SC_IBUF[1]_inst/O
                         net (fo=22, routed)          0.462     0.570    SC_IBUF[1]
    SLICE_X0Y19          LUT6 (Prop_lut6_I3_O)        0.028     0.598 r  Q_OBUF[7]_inst_i_1/O
                         net (fo=1, routed)           0.444     1.042    Q_OBUF[7]
    Y16                  OBUF (Prop_obuf_I_O)         1.273     2.314 r  Q_OBUF[7]_inst/O
                         net (fo=0)                   0.000     2.314    Q[7]
    Y16                                                               r  Q[7] (OUT)
  -------------------------------------------------------------------    -------------------

Slack:                    inf
  Source:                 SBC[1]
                            (input port)
  Destination:            R[1]
                            (output port)
  Path Group:             (none)
  Path Type:              Min at Fast Process Corner
  Data Path Delay:        2.320ns  (logic 1.425ns (61.409%)  route 0.895ns (38.591%))
  Logic Levels:           4  (IBUF=1 LUT6=2 OBUF=1)

    Location             Delay type                Incr(ns)  Path(ns)    Netlist Resource(s)
  -------------------------------------------------------------------    -------------------
    AB16                                              0.000     0.000 r  SBC[1] (IN)
                         net (fo=0)                   0.000     0.000    SBC[1]
    AB16                 IBUF (Prop_ibuf_I_O)         0.113     0.113 r  SBC_IBUF[1]_inst/O
                         net (fo=4, routed)           0.348     0.461    SBC_IBUF[1]
    SLICE_X0Y18          LUT6 (Prop_lut6_I4_O)        0.028     0.489 r  R_OBUF[1]_inst_i_2/O
                         net (fo=2, routed)           0.126     0.616    R_OBUF[1]_inst_i_2_n_0
    SLICE_X0Y18          LUT6 (Prop_lut6_I4_O)        0.028     0.644 r  R_OBUF[1]_inst_i_1/O
                         net (fo=1, routed)           0.421     1.065    R_OBUF[1]
    T16                  OBUF (Prop_obuf_I_O)         1.256     2.320 r  R_OBUF[1]_inst/O
                         net (fo=0)                   0.000     2.320    R[1]
    T16                                                               r  R[1] (OUT)
  -------------------------------------------------------------------    -------------------

Slack:                    inf
  Source:                 SC[6]
                            (input port)
  Destination:            R[6]
                            (output port)
  Path Group:             (none)
  Path Type:              Min at Fast Process Corner
  Data Path Delay:        2.366ns  (logic 1.445ns (61.089%)  route 0.921ns (38.911%))
  Logic Levels:           3  (IBUF=1 LUT5=1 OBUF=1)

    Location             Delay type                Incr(ns)  Path(ns)    Netlist Resource(s)
  -------------------------------------------------------------------    -------------------
    AA19                                              0.000     0.000 r  SC[6] (IN)
                         net (fo=0)                   0.000     0.000    SC[6]
    AA19                 IBUF (Prop_ibuf_I_O)         0.111     0.111 r  SC_IBUF[6]_inst/O
                         net (fo=11, routed)          0.607     0.718    SC_IBUF[6]
    SLICE_X1Y16          LUT5 (Prop_lut5_I3_O)        0.028     0.746 r  R_OBUF[6]_inst_i_1/O
                         net (fo=1, routed)           0.314     1.060    R_OBUF[6]
    AA14                 OBUF (Prop_obuf_I_O)         1.306     2.366 r  R_OBUF[6]_inst/O
                         net (fo=0)                   0.000     2.366    R[6]
    AA14                                                              r  R[6] (OUT)
  -------------------------------------------------------------------    -------------------

Slack:                    inf
  Source:                 SC[2]
                            (input port)
  Destination:            Q[5]
                            (output port)
  Path Group:             (none)
  Path Type:              Min at Fast Process Corner
  Data Path Delay:        2.388ns  (logic 1.430ns (59.872%)  route 0.958ns (40.128%))
  Logic Levels:           3  (IBUF=1 LUT6=1 OBUF=1)

    Location             Delay type                Incr(ns)  Path(ns)    Netlist Resource(s)
  -------------------------------------------------------------------    -------------------
    V19                                               0.000     0.000 f  SC[2] (IN)
                         net (fo=0)                   0.000     0.000    SC[2]
    V19                  IBUF (Prop_ibuf_I_O)         0.109     0.109 f  SC_IBUF[2]_inst/O
                         net (fo=19, routed)          0.383     0.492    SC_IBUF[2]
    SLICE_X1Y20          LUT6 (Prop_lut6_I0_O)        0.028     0.520 r  Q_OBUF[5]_inst_i_2/O
                         net (fo=5, routed)           0.576     1.095    Q_OBUF[5]
    Y14                  OBUF (Prop_obuf_I_O)         1.293     2.388 r  Q_OBUF[5]_inst/O
                         net (fo=0)                   0.000     2.388    Q[5]
    Y14                                                               r  Q[5] (OUT)
  -------------------------------------------------------------------    -------------------

Slack:                    inf
  Source:                 SC[7]
                            (input port)
  Destination:            R[4]
                            (output port)
  Path Group:             (none)
  Path Type:              Min at Fast Process Corner
  Data Path Delay:        2.390ns  (logic 1.423ns (59.551%)  route 0.967ns (40.449%))
  Logic Levels:           3  (IBUF=1 LUT6=1 OBUF=1)

    Location             Delay type                Incr(ns)  Path(ns)    Netlist Resource(s)
  -------------------------------------------------------------------    -------------------
    AB22                                              0.000     0.000 r  SC[7] (IN)
                         net (fo=0)                   0.000     0.000    SC[7]
    AB22                 IBUF (Prop_ibuf_I_O)         0.140     0.140 r  SC_IBUF[7]_inst/O
                         net (fo=18, routed)          0.597     0.737    SC_IBUF[7]
    SLICE_X0Y16          LUT6 (Prop_lut6_I2_O)        0.028     0.765 r  R_OBUF[4]_inst_i_1/O
                         net (fo=1, routed)           0.370     1.134    R_OBUF[4]
    U16                  OBUF (Prop_obuf_I_O)         1.256     2.390 r  R_OBUF[4]_inst/O
                         net (fo=0)                   0.000     2.390    R[4]
    U16                                                               r  R[4] (OUT)
  -------------------------------------------------------------------    -------------------

Slack:                    inf
  Source:                 SC[5]
                            (input port)
  Destination:            R[5]
                            (output port)
  Path Group:             (none)
  Path Type:              Min at Fast Process Corner
  Data Path Delay:        2.396ns  (logic 1.444ns (60.270%)  route 0.952ns (39.730%))
  Logic Levels:           3  (IBUF=1 LUT6=1 OBUF=1)

    Location             Delay type                Incr(ns)  Path(ns)    Netlist Resource(s)
  -------------------------------------------------------------------    -------------------
    AB20                                              0.000     0.000 r  SC[5] (IN)
                         net (fo=0)                   0.000     0.000    SC[5]
    AB20                 IBUF (Prop_ibuf_I_O)         0.122     0.122 r  SC_IBUF[5]_inst/O
                         net (fo=10, routed)          0.565     0.687    SC_IBUF[5]
    SLICE_X1Y16          LUT6 (Prop_lut6_I3_O)        0.028     0.715 r  R_OBUF[5]_inst_i_1/O
                         net (fo=1, routed)           0.386     1.102    R_OBUF[5]
    AA15                 OBUF (Prop_obuf_I_O)         1.294     2.396 r  R_OBUF[5]_inst/O
                         net (fo=0)                   0.000     2.396    R[5]
    AA15                                                              r  R[5] (OUT)
  -------------------------------------------------------------------    -------------------





